<?xml version="1.0" encoding="UTF-8"?>
<testsuite name="com.shop.repository.ItemRepositoryTest" tests="8" skipped="0" failures="0" errors="0" timestamp="2023-11-07T00:33:32" hostname="FULL8-000" time="0.232">
  <properties/>
  <testcase name="가격 내림차순 조회 테스트" classname="com.shop.repository.ItemRepositoryTest" time="0.04"/>
  <testcase name="Querydsl 조회 테스트1" classname="com.shop.repository.ItemRepositoryTest" time="0.069"/>
  <testcase name="상품명, 상품상세설명 or 테스트" classname="com.shop.repository.ItemRepositoryTest" time="0.021"/>
  <testcase name="가격 LessThan 테스트" classname="com.shop.repository.ItemRepositoryTest" time="0.021"/>
  <testcase name="상품명 조회 테스트" classname="com.shop.repository.ItemRepositoryTest" time="0.015"/>
  <testcase name="@Query를 이용한 상품 조회 테스트" classname="com.shop.repository.ItemRepositoryTest" time="0.03"/>
  <testcase name="상품 저장 테스트" classname="com.shop.repository.ItemRepositoryTest" time="0.004"/>
  <testcase name="상품 Querydsl 조회 테스트 2" classname="com.shop.repository.ItemRepositoryTest" time="0.028"/>
  <system-out><![CDATA[2023-11-07 09:33:32.822  INFO 10456 --- [    Test worker] .b.t.c.SpringBootTestContextBootstrapper : Neither @ContextConfiguration nor @ContextHierarchy found for test class [com.shop.repository.ItemRepositoryTest], using SpringBootContextLoader
2023-11-07 09:33:32.822  INFO 10456 --- [    Test worker] o.s.t.c.support.AbstractContextLoader    : Could not detect default resource locations for test class [com.shop.repository.ItemRepositoryTest]: no resource found for suffixes {-context.xml, Context.groovy}.
2023-11-07 09:33:32.822  INFO 10456 --- [    Test worker] t.c.s.AnnotationConfigContextLoaderUtils : Could not detect default configuration classes for test class [com.shop.repository.ItemRepositoryTest]: ItemRepositoryTest does not declare any static, non-private, non-final, nested classes annotated with @Configuration.
2023-11-07 09:33:32.825  INFO 10456 --- [    Test worker] .b.t.c.SpringBootTestContextBootstrapper : Found @SpringBootConfiguration com.shop.ShopApplication for test class com.shop.repository.ItemRepositoryTest
2023-11-07 09:33:32.826  INFO 10456 --- [    Test worker] .b.t.c.SpringBootTestContextBootstrapper : Loaded default TestExecutionListener class names from location [META-INF/spring.factories]: [org.springframework.security.test.context.support.WithSecurityContextTestExecutionListener, org.springframework.security.test.context.support.ReactorContextTestExecutionListener, org.springframework.boot.test.autoconfigure.restdocs.RestDocsTestExecutionListener, org.springframework.boot.test.autoconfigure.web.client.MockRestServiceServerResetTestExecutionListener, org.springframework.boot.test.autoconfigure.web.servlet.MockMvcPrintOnlyOnFailureTestExecutionListener, org.springframework.boot.test.autoconfigure.web.servlet.WebDriverTestExecutionListener, org.springframework.boot.test.autoconfigure.webservices.client.MockWebServiceServerTestExecutionListener, org.springframework.boot.test.mock.mockito.MockitoTestExecutionListener, org.springframework.boot.test.mock.mockito.ResetMocksTestExecutionListener, org.springframework.test.context.web.ServletTestExecutionListener, org.springframework.test.context.support.DirtiesContextBeforeModesTestExecutionListener, org.springframework.test.context.event.ApplicationEventsTestExecutionListener, org.springframework.test.context.support.DependencyInjectionTestExecutionListener, org.springframework.test.context.support.DirtiesContextTestExecutionListener, org.springframework.test.context.transaction.TransactionalTestExecutionListener, org.springframework.test.context.jdbc.SqlScriptsTestExecutionListener, org.springframework.test.context.event.EventPublishingTestExecutionListener]
2023-11-07 09:33:32.826  INFO 10456 --- [    Test worker] .b.t.c.SpringBootTestContextBootstrapper : Using TestExecutionListeners: [org.springframework.test.context.web.ServletTestExecutionListener@16d9c898, org.springframework.test.context.support.DirtiesContextBeforeModesTestExecutionListener@2cca4a87, org.springframework.test.context.event.ApplicationEventsTestExecutionListener@23180ee3, org.springframework.boot.test.mock.mockito.MockitoTestExecutionListener@10e9aa29, org.springframework.boot.test.autoconfigure.SpringBootDependencyInjectionTestExecutionListener@48ac2da4, org.springframework.test.context.support.DirtiesContextTestExecutionListener@36ccc844, org.springframework.test.context.transaction.TransactionalTestExecutionListener@55c0a768, org.springframework.test.context.jdbc.SqlScriptsTestExecutionListener@8a5e71b, org.springframework.security.test.context.support.WithSecurityContextTestExecutionListener@214d2aa6, org.springframework.test.context.event.EventPublishingTestExecutionListener@71134823, org.springframework.security.test.context.support.ReactorContextTestExecutionListener@21384a8e, org.springframework.boot.test.autoconfigure.restdocs.RestDocsTestExecutionListener@682ec8d, org.springframework.boot.test.autoconfigure.web.client.MockRestServiceServerResetTestExecutionListener@4ed2eee1, org.springframework.boot.test.autoconfigure.web.servlet.MockMvcPrintOnlyOnFailureTestExecutionListener@25ebe548, org.springframework.boot.test.autoconfigure.web.servlet.WebDriverTestExecutionListener@4664b741, org.springframework.boot.test.autoconfigure.webservices.client.MockWebServiceServerTestExecutionListener@5793cd84, org.springframework.boot.test.mock.mockito.ResetMocksTestExecutionListener@eef9471]
Hibernate: 
    call next value for hibernate_sequence
Hibernate: 
    insert 
    into
        item
        (reg_time, update_time, created_by, modified_by, item_detail, item_nm, item_sell_status, price, stock_number, item_id) 
    values
        (?, ?, ?, ?, ?, ?, ?, ?, ?, ?)
2023-11-07 09:33:32.830 TRACE 10456 --- [    Test worker] o.h.type.descriptor.sql.BasicBinder      : binding parameter [1] as [TIMESTAMP] - [2023-11-07T09:33:32.829986800]
2023-11-07 09:33:32.830 TRACE 10456 --- [    Test worker] o.h.type.descriptor.sql.BasicBinder      : binding parameter [2] as [TIMESTAMP] - [2023-11-07T09:33:32.829986800]
2023-11-07 09:33:32.830 TRACE 10456 --- [    Test worker] o.h.type.descriptor.sql.BasicBinder      : binding parameter [3] as [VARCHAR] - []
2023-11-07 09:33:32.830 TRACE 10456 --- [    Test worker] o.h.type.descriptor.sql.BasicBinder      : binding parameter [4] as [VARCHAR] - []
2023-11-07 09:33:32.830 TRACE 10456 --- [    Test worker] o.h.type.descriptor.sql.BasicBinder      : binding parameter [5] as [CLOB] - [테스트 상품 상세 설명1]
2023-11-07 09:33:32.830 TRACE 10456 --- [    Test worker] o.h.type.descriptor.sql.BasicBinder      : binding parameter [6] as [VARCHAR] - [테스트 상품1]
2023-11-07 09:33:32.830 TRACE 10456 --- [    Test worker] o.h.type.descriptor.sql.BasicBinder      : binding parameter [7] as [VARCHAR] - [SELL]
2023-11-07 09:33:32.830 TRACE 10456 --- [    Test worker] o.h.type.descriptor.sql.BasicBinder      : binding parameter [8] as [INTEGER] - [10001]
2023-11-07 09:33:32.830 TRACE 10456 --- [    Test worker] o.h.type.descriptor.sql.BasicBinder      : binding parameter [9] as [INTEGER] - [100]
2023-11-07 09:33:32.830 TRACE 10456 --- [    Test worker] o.h.type.descriptor.sql.BasicBinder      : binding parameter [10] as [BIGINT] - [29]
Hibernate: 
    call next value for hibernate_sequence
Hibernate: 
    insert 
    into
        item
        (reg_time, update_time, created_by, modified_by, item_detail, item_nm, item_sell_status, price, stock_number, item_id) 
    values
        (?, ?, ?, ?, ?, ?, ?, ?, ?, ?)
2023-11-07 09:33:32.832 TRACE 10456 --- [    Test worker] o.h.type.descriptor.sql.BasicBinder      : binding parameter [1] as [TIMESTAMP] - [2023-11-07T09:33:32.831976200]
2023-11-07 09:33:32.832 TRACE 10456 --- [    Test worker] o.h.type.descriptor.sql.BasicBinder      : binding parameter [2] as [TIMESTAMP] - [2023-11-07T09:33:32.831976200]
2023-11-07 09:33:32.832 TRACE 10456 --- [    Test worker] o.h.type.descriptor.sql.BasicBinder      : binding parameter [3] as [VARCHAR] - []
2023-11-07 09:33:32.832 TRACE 10456 --- [    Test worker] o.h.type.descriptor.sql.BasicBinder      : binding parameter [4] as [VARCHAR] - []
2023-11-07 09:33:32.832 TRACE 10456 --- [    Test worker] o.h.type.descriptor.sql.BasicBinder      : binding parameter [5] as [CLOB] - [테스트 상품 상세 설명2]
2023-11-07 09:33:32.832 TRACE 10456 --- [    Test worker] o.h.type.descriptor.sql.BasicBinder      : binding parameter [6] as [VARCHAR] - [테스트 상품2]
2023-11-07 09:33:32.832 TRACE 10456 --- [    Test worker] o.h.type.descriptor.sql.BasicBinder      : binding parameter [7] as [VARCHAR] - [SELL]
2023-11-07 09:33:32.832 TRACE 10456 --- [    Test worker] o.h.type.descriptor.sql.BasicBinder      : binding parameter [8] as [INTEGER] - [10002]
2023-11-07 09:33:32.832 TRACE 10456 --- [    Test worker] o.h.type.descriptor.sql.BasicBinder      : binding parameter [9] as [INTEGER] - [100]
2023-11-07 09:33:32.832 TRACE 10456 --- [    Test worker] o.h.type.descriptor.sql.BasicBinder      : binding parameter [10] as [BIGINT] - [30]
Hibernate: 
    call next value for hibernate_sequence
Hibernate: 
    insert 
    into
        item
        (reg_time, update_time, created_by, modified_by, item_detail, item_nm, item_sell_status, price, stock_number, item_id) 
    values
        (?, ?, ?, ?, ?, ?, ?, ?, ?, ?)
2023-11-07 09:33:32.833 TRACE 10456 --- [    Test worker] o.h.type.descriptor.sql.BasicBinder      : binding parameter [1] as [TIMESTAMP] - [2023-11-07T09:33:32.833974500]
2023-11-07 09:33:32.833 TRACE 10456 --- [    Test worker] o.h.type.descriptor.sql.BasicBinder      : binding parameter [2] as [TIMESTAMP] - [2023-11-07T09:33:32.833974500]
2023-11-07 09:33:32.833 TRACE 10456 --- [    Test worker] o.h.type.descriptor.sql.BasicBinder      : binding parameter [3] as [VARCHAR] - []
2023-11-07 09:33:32.833 TRACE 10456 --- [    Test worker] o.h.type.descriptor.sql.BasicBinder      : binding parameter [4] as [VARCHAR] - []
2023-11-07 09:33:32.833 TRACE 10456 --- [    Test worker] o.h.type.descriptor.sql.BasicBinder      : binding parameter [5] as [CLOB] - [테스트 상품 상세 설명3]
2023-11-07 09:33:32.833 TRACE 10456 --- [    Test worker] o.h.type.descriptor.sql.BasicBinder      : binding parameter [6] as [VARCHAR] - [테스트 상품3]
2023-11-07 09:33:32.833 TRACE 10456 --- [    Test worker] o.h.type.descriptor.sql.BasicBinder      : binding parameter [7] as [VARCHAR] - [SELL]
2023-11-07 09:33:32.833 TRACE 10456 --- [    Test worker] o.h.type.descriptor.sql.BasicBinder      : binding parameter [8] as [INTEGER] - [10003]
2023-11-07 09:33:32.833 TRACE 10456 --- [    Test worker] o.h.type.descriptor.sql.BasicBinder      : binding parameter [9] as [INTEGER] - [100]
2023-11-07 09:33:32.833 TRACE 10456 --- [    Test worker] o.h.type.descriptor.sql.BasicBinder      : binding parameter [10] as [BIGINT] - [31]
Hibernate: 
    call next value for hibernate_sequence
Hibernate: 
    insert 
    into
        item
        (reg_time, update_time, created_by, modified_by, item_detail, item_nm, item_sell_status, price, stock_number, item_id) 
    values
        (?, ?, ?, ?, ?, ?, ?, ?, ?, ?)
2023-11-07 09:33:32.834 TRACE 10456 --- [    Test worker] o.h.type.descriptor.sql.BasicBinder      : binding parameter [1] as [TIMESTAMP] - [2023-11-07T09:33:32.834975200]
2023-11-07 09:33:32.834 TRACE 10456 --- [    Test worker] o.h.type.descriptor.sql.BasicBinder      : binding parameter [2] as [TIMESTAMP] - [2023-11-07T09:33:32.834975200]
2023-11-07 09:33:32.834 TRACE 10456 --- [    Test worker] o.h.type.descriptor.sql.BasicBinder      : binding parameter [3] as [VARCHAR] - []
2023-11-07 09:33:32.834 TRACE 10456 --- [    Test worker] o.h.type.descriptor.sql.BasicBinder      : binding parameter [4] as [VARCHAR] - []
2023-11-07 09:33:32.834 TRACE 10456 --- [    Test worker] o.h.type.descriptor.sql.BasicBinder      : binding parameter [5] as [CLOB] - [테스트 상품 상세 설명4]
2023-11-07 09:33:32.834 TRACE 10456 --- [    Test worker] o.h.type.descriptor.sql.BasicBinder      : binding parameter [6] as [VARCHAR] - [테스트 상품4]
2023-11-07 09:33:32.834 TRACE 10456 --- [    Test worker] o.h.type.descriptor.sql.BasicBinder      : binding parameter [7] as [VARCHAR] - [SELL]
2023-11-07 09:33:32.834 TRACE 10456 --- [    Test worker] o.h.type.descriptor.sql.BasicBinder      : binding parameter [8] as [INTEGER] - [10004]
2023-11-07 09:33:32.834 TRACE 10456 --- [    Test worker] o.h.type.descriptor.sql.BasicBinder      : binding parameter [9] as [INTEGER] - [100]
2023-11-07 09:33:32.834 TRACE 10456 --- [    Test worker] o.h.type.descriptor.sql.BasicBinder      : binding parameter [10] as [BIGINT] - [32]
Hibernate: 
    call next value for hibernate_sequence
Hibernate: 
    insert 
    into
        item
        (reg_time, update_time, created_by, modified_by, item_detail, item_nm, item_sell_status, price, stock_number, item_id) 
    values
        (?, ?, ?, ?, ?, ?, ?, ?, ?, ?)
2023-11-07 09:33:32.835 TRACE 10456 --- [    Test worker] o.h.type.descriptor.sql.BasicBinder      : binding parameter [1] as [TIMESTAMP] - [2023-11-07T09:33:32.835976100]
2023-11-07 09:33:32.835 TRACE 10456 --- [    Test worker] o.h.type.descriptor.sql.BasicBinder      : binding parameter [2] as [TIMESTAMP] - [2023-11-07T09:33:32.835976100]
2023-11-07 09:33:32.835 TRACE 10456 --- [    Test worker] o.h.type.descriptor.sql.BasicBinder      : binding parameter [3] as [VARCHAR] - []
2023-11-07 09:33:32.835 TRACE 10456 --- [    Test worker] o.h.type.descriptor.sql.BasicBinder      : binding parameter [4] as [VARCHAR] - []
2023-11-07 09:33:32.835 TRACE 10456 --- [    Test worker] o.h.type.descriptor.sql.BasicBinder      : binding parameter [5] as [CLOB] - [테스트 상품 상세 설명5]
2023-11-07 09:33:32.836 TRACE 10456 --- [    Test worker] o.h.type.descriptor.sql.BasicBinder      : binding parameter [6] as [VARCHAR] - [테스트 상품5]
2023-11-07 09:33:32.836 TRACE 10456 --- [    Test worker] o.h.type.descriptor.sql.BasicBinder      : binding parameter [7] as [VARCHAR] - [SELL]
2023-11-07 09:33:32.836 TRACE 10456 --- [    Test worker] o.h.type.descriptor.sql.BasicBinder      : binding parameter [8] as [INTEGER] - [10005]
2023-11-07 09:33:32.836 TRACE 10456 --- [    Test worker] o.h.type.descriptor.sql.BasicBinder      : binding parameter [9] as [INTEGER] - [100]
2023-11-07 09:33:32.836 TRACE 10456 --- [    Test worker] o.h.type.descriptor.sql.BasicBinder      : binding parameter [10] as [BIGINT] - [33]
Hibernate: 
    call next value for hibernate_sequence
Hibernate: 
    insert 
    into
        item
        (reg_time, update_time, created_by, modified_by, item_detail, item_nm, item_sell_status, price, stock_number, item_id) 
    values
        (?, ?, ?, ?, ?, ?, ?, ?, ?, ?)
2023-11-07 09:33:32.837 TRACE 10456 --- [    Test worker] o.h.type.descriptor.sql.BasicBinder      : binding parameter [1] as [TIMESTAMP] - [2023-11-07T09:33:32.836974700]
2023-11-07 09:33:32.837 TRACE 10456 --- [    Test worker] o.h.type.descriptor.sql.BasicBinder      : binding parameter [2] as [TIMESTAMP] - [2023-11-07T09:33:32.836974700]
2023-11-07 09:33:32.837 TRACE 10456 --- [    Test worker] o.h.type.descriptor.sql.BasicBinder      : binding parameter [3] as [VARCHAR] - []
2023-11-07 09:33:32.837 TRACE 10456 --- [    Test worker] o.h.type.descriptor.sql.BasicBinder      : binding parameter [4] as [VARCHAR] - []
2023-11-07 09:33:32.837 TRACE 10456 --- [    Test worker] o.h.type.descriptor.sql.BasicBinder      : binding parameter [5] as [CLOB] - [테스트 상품 상세 설명6]
2023-11-07 09:33:32.837 TRACE 10456 --- [    Test worker] o.h.type.descriptor.sql.BasicBinder      : binding parameter [6] as [VARCHAR] - [테스트 상품6]
2023-11-07 09:33:32.837 TRACE 10456 --- [    Test worker] o.h.type.descriptor.sql.BasicBinder      : binding parameter [7] as [VARCHAR] - [SELL]
2023-11-07 09:33:32.837 TRACE 10456 --- [    Test worker] o.h.type.descriptor.sql.BasicBinder      : binding parameter [8] as [INTEGER] - [10006]
2023-11-07 09:33:32.837 TRACE 10456 --- [    Test worker] o.h.type.descriptor.sql.BasicBinder      : binding parameter [9] as [INTEGER] - [100]
2023-11-07 09:33:32.837 TRACE 10456 --- [    Test worker] o.h.type.descriptor.sql.BasicBinder      : binding parameter [10] as [BIGINT] - [34]
Hibernate: 
    call next value for hibernate_sequence
Hibernate: 
    insert 
    into
        item
        (reg_time, update_time, created_by, modified_by, item_detail, item_nm, item_sell_status, price, stock_number, item_id) 
    values
        (?, ?, ?, ?, ?, ?, ?, ?, ?, ?)
2023-11-07 09:33:32.838 TRACE 10456 --- [    Test worker] o.h.type.descriptor.sql.BasicBinder      : binding parameter [1] as [TIMESTAMP] - [2023-11-07T09:33:32.838975400]
2023-11-07 09:33:32.838 TRACE 10456 --- [    Test worker] o.h.type.descriptor.sql.BasicBinder      : binding parameter [2] as [TIMESTAMP] - [2023-11-07T09:33:32.838975400]
2023-11-07 09:33:32.838 TRACE 10456 --- [    Test worker] o.h.type.descriptor.sql.BasicBinder      : binding parameter [3] as [VARCHAR] - []
2023-11-07 09:33:32.838 TRACE 10456 --- [    Test worker] o.h.type.descriptor.sql.BasicBinder      : binding parameter [4] as [VARCHAR] - []
2023-11-07 09:33:32.838 TRACE 10456 --- [    Test worker] o.h.type.descriptor.sql.BasicBinder      : binding parameter [5] as [CLOB] - [테스트 상품 상세 설명7]
2023-11-07 09:33:32.838 TRACE 10456 --- [    Test worker] o.h.type.descriptor.sql.BasicBinder      : binding parameter [6] as [VARCHAR] - [테스트 상품7]
2023-11-07 09:33:32.838 TRACE 10456 --- [    Test worker] o.h.type.descriptor.sql.BasicBinder      : binding parameter [7] as [VARCHAR] - [SELL]
2023-11-07 09:33:32.838 TRACE 10456 --- [    Test worker] o.h.type.descriptor.sql.BasicBinder      : binding parameter [8] as [INTEGER] - [10007]
2023-11-07 09:33:32.838 TRACE 10456 --- [    Test worker] o.h.type.descriptor.sql.BasicBinder      : binding parameter [9] as [INTEGER] - [100]
2023-11-07 09:33:32.838 TRACE 10456 --- [    Test worker] o.h.type.descriptor.sql.BasicBinder      : binding parameter [10] as [BIGINT] - [35]
Hibernate: 
    call next value for hibernate_sequence
Hibernate: 
    insert 
    into
        item
        (reg_time, update_time, created_by, modified_by, item_detail, item_nm, item_sell_status, price, stock_number, item_id) 
    values
        (?, ?, ?, ?, ?, ?, ?, ?, ?, ?)
2023-11-07 09:33:32.840 TRACE 10456 --- [    Test worker] o.h.type.descriptor.sql.BasicBinder      : binding parameter [1] as [TIMESTAMP] - [2023-11-07T09:33:32.839975500]
2023-11-07 09:33:32.840 TRACE 10456 --- [    Test worker] o.h.type.descriptor.sql.BasicBinder      : binding parameter [2] as [TIMESTAMP] - [2023-11-07T09:33:32.839975500]
2023-11-07 09:33:32.840 TRACE 10456 --- [    Test worker] o.h.type.descriptor.sql.BasicBinder      : binding parameter [3] as [VARCHAR] - []
2023-11-07 09:33:32.840 TRACE 10456 --- [    Test worker] o.h.type.descriptor.sql.BasicBinder      : binding parameter [4] as [VARCHAR] - []
2023-11-07 09:33:32.840 TRACE 10456 --- [    Test worker] o.h.type.descriptor.sql.BasicBinder      : binding parameter [5] as [CLOB] - [테스트 상품 상세 설명8]
2023-11-07 09:33:32.840 TRACE 10456 --- [    Test worker] o.h.type.descriptor.sql.BasicBinder      : binding parameter [6] as [VARCHAR] - [테스트 상품8]
2023-11-07 09:33:32.840 TRACE 10456 --- [    Test worker] o.h.type.descriptor.sql.BasicBinder      : binding parameter [7] as [VARCHAR] - [SELL]
2023-11-07 09:33:32.840 TRACE 10456 --- [    Test worker] o.h.type.descriptor.sql.BasicBinder      : binding parameter [8] as [INTEGER] - [10008]
2023-11-07 09:33:32.840 TRACE 10456 --- [    Test worker] o.h.type.descriptor.sql.BasicBinder      : binding parameter [9] as [INTEGER] - [100]
2023-11-07 09:33:32.840 TRACE 10456 --- [    Test worker] o.h.type.descriptor.sql.BasicBinder      : binding parameter [10] as [BIGINT] - [36]
Hibernate: 
    call next value for hibernate_sequence
Hibernate: 
    insert 
    into
        item
        (reg_time, update_time, created_by, modified_by, item_detail, item_nm, item_sell_status, price, stock_number, item_id) 
    values
        (?, ?, ?, ?, ?, ?, ?, ?, ?, ?)
2023-11-07 09:33:32.841 TRACE 10456 --- [    Test worker] o.h.type.descriptor.sql.BasicBinder      : binding parameter [1] as [TIMESTAMP] - [2023-11-07T09:33:32.840974600]
2023-11-07 09:33:32.841 TRACE 10456 --- [    Test worker] o.h.type.descriptor.sql.BasicBinder      : binding parameter [2] as [TIMESTAMP] - [2023-11-07T09:33:32.840974600]
2023-11-07 09:33:32.841 TRACE 10456 --- [    Test worker] o.h.type.descriptor.sql.BasicBinder      : binding parameter [3] as [VARCHAR] - []
2023-11-07 09:33:32.841 TRACE 10456 --- [    Test worker] o.h.type.descriptor.sql.BasicBinder      : binding parameter [4] as [VARCHAR] - []
2023-11-07 09:33:32.841 TRACE 10456 --- [    Test worker] o.h.type.descriptor.sql.BasicBinder      : binding parameter [5] as [CLOB] - [테스트 상품 상세 설명9]
2023-11-07 09:33:32.841 TRACE 10456 --- [    Test worker] o.h.type.descriptor.sql.BasicBinder      : binding parameter [6] as [VARCHAR] - [테스트 상품9]
2023-11-07 09:33:32.841 TRACE 10456 --- [    Test worker] o.h.type.descriptor.sql.BasicBinder      : binding parameter [7] as [VARCHAR] - [SELL]
2023-11-07 09:33:32.841 TRACE 10456 --- [    Test worker] o.h.type.descriptor.sql.BasicBinder      : binding parameter [8] as [INTEGER] - [10009]
2023-11-07 09:33:32.841 TRACE 10456 --- [    Test worker] o.h.type.descriptor.sql.BasicBinder      : binding parameter [9] as [INTEGER] - [100]
2023-11-07 09:33:32.841 TRACE 10456 --- [    Test worker] o.h.type.descriptor.sql.BasicBinder      : binding parameter [10] as [BIGINT] - [37]
Hibernate: 
    call next value for hibernate_sequence
Hibernate: 
    insert 
    into
        item
        (reg_time, update_time, created_by, modified_by, item_detail, item_nm, item_sell_status, price, stock_number, item_id) 
    values
        (?, ?, ?, ?, ?, ?, ?, ?, ?, ?)
2023-11-07 09:33:32.842 TRACE 10456 --- [    Test worker] o.h.type.descriptor.sql.BasicBinder      : binding parameter [1] as [TIMESTAMP] - [2023-11-07T09:33:32.842975300]
2023-11-07 09:33:32.842 TRACE 10456 --- [    Test worker] o.h.type.descriptor.sql.BasicBinder      : binding parameter [2] as [TIMESTAMP] - [2023-11-07T09:33:32.842975300]
2023-11-07 09:33:32.842 TRACE 10456 --- [    Test worker] o.h.type.descriptor.sql.BasicBinder      : binding parameter [3] as [VARCHAR] - []
2023-11-07 09:33:32.842 TRACE 10456 --- [    Test worker] o.h.type.descriptor.sql.BasicBinder      : binding parameter [4] as [VARCHAR] - []
2023-11-07 09:33:32.842 TRACE 10456 --- [    Test worker] o.h.type.descriptor.sql.BasicBinder      : binding parameter [5] as [CLOB] - [테스트 상품 상세 설명10]
2023-11-07 09:33:32.842 TRACE 10456 --- [    Test worker] o.h.type.descriptor.sql.BasicBinder      : binding parameter [6] as [VARCHAR] - [테스트 상품10]
2023-11-07 09:33:32.842 TRACE 10456 --- [    Test worker] o.h.type.descriptor.sql.BasicBinder      : binding parameter [7] as [VARCHAR] - [SELL]
2023-11-07 09:33:32.842 TRACE 10456 --- [    Test worker] o.h.type.descriptor.sql.BasicBinder      : binding parameter [8] as [INTEGER] - [10010]
2023-11-07 09:33:32.842 TRACE 10456 --- [    Test worker] o.h.type.descriptor.sql.BasicBinder      : binding parameter [9] as [INTEGER] - [100]
2023-11-07 09:33:32.842 TRACE 10456 --- [    Test worker] o.h.type.descriptor.sql.BasicBinder      : binding parameter [10] as [BIGINT] - [38]
Hibernate: 
    select
        item0_.item_id as item_id1_2_,
        item0_.reg_time as reg_time2_2_,
        item0_.update_time as update_t3_2_,
        item0_.created_by as created_4_2_,
        item0_.modified_by as modified5_2_,
        item0_.item_detail as item_det6_2_,
        item0_.item_nm as item_nm7_2_,
        item0_.item_sell_status as item_sel8_2_,
        item0_.price as price9_2_,
        item0_.stock_number as stock_n10_2_ 
    from
        item item0_ 
    where
        item0_.price<? 
    order by
        item0_.price desc
2023-11-07 09:33:32.857 TRACE 10456 --- [    Test worker] o.h.type.descriptor.sql.BasicBinder      : binding parameter [1] as [INTEGER] - [10005]
2023-11-07 09:33:32.858 TRACE 10456 --- [    Test worker] o.h.type.descriptor.sql.BasicExtractor   : extracted value ([item_id1_2_] : [BIGINT]) - [32]
2023-11-07 09:33:32.858 TRACE 10456 --- [    Test worker] o.h.type.descriptor.sql.BasicExtractor   : extracted value ([reg_time2_2_] : [TIMESTAMP]) - [2023-11-07T09:33:32.834975]
2023-11-07 09:33:32.858 TRACE 10456 --- [    Test worker] o.h.type.descriptor.sql.BasicExtractor   : extracted value ([update_t3_2_] : [TIMESTAMP]) - [2023-11-07T09:33:32.834975]
2023-11-07 09:33:32.858 TRACE 10456 --- [    Test worker] o.h.type.descriptor.sql.BasicExtractor   : extracted value ([created_4_2_] : [VARCHAR]) - []
2023-11-07 09:33:32.858 TRACE 10456 --- [    Test worker] o.h.type.descriptor.sql.BasicExtractor   : extracted value ([modified5_2_] : [VARCHAR]) - []
2023-11-07 09:33:32.860 TRACE 10456 --- [    Test worker] o.h.type.descriptor.sql.BasicExtractor   : extracted value ([item_det6_2_] : [CLOB]) - [테스트 상품 상세 설명4]
2023-11-07 09:33:32.860 TRACE 10456 --- [    Test worker] o.h.type.descriptor.sql.BasicExtractor   : extracted value ([item_nm7_2_] : [VARCHAR]) - [테스트 상품4]
2023-11-07 09:33:32.860 TRACE 10456 --- [    Test worker] o.h.type.descriptor.sql.BasicExtractor   : extracted value ([item_sel8_2_] : [VARCHAR]) - [SELL]
2023-11-07 09:33:32.860 TRACE 10456 --- [    Test worker] o.h.type.descriptor.sql.BasicExtractor   : extracted value ([price9_2_] : [INTEGER]) - [10004]
2023-11-07 09:33:32.860 TRACE 10456 --- [    Test worker] o.h.type.descriptor.sql.BasicExtractor   : extracted value ([stock_n10_2_] : [INTEGER]) - [100]
2023-11-07 09:33:32.860 TRACE 10456 --- [    Test worker] o.h.type.descriptor.sql.BasicExtractor   : extracted value ([item_id1_2_] : [BIGINT]) - [31]
2023-11-07 09:33:32.860 TRACE 10456 --- [    Test worker] o.h.type.descriptor.sql.BasicExtractor   : extracted value ([reg_time2_2_] : [TIMESTAMP]) - [2023-11-07T09:33:32.833975]
2023-11-07 09:33:32.860 TRACE 10456 --- [    Test worker] o.h.type.descriptor.sql.BasicExtractor   : extracted value ([update_t3_2_] : [TIMESTAMP]) - [2023-11-07T09:33:32.833975]
2023-11-07 09:33:32.860 TRACE 10456 --- [    Test worker] o.h.type.descriptor.sql.BasicExtractor   : extracted value ([created_4_2_] : [VARCHAR]) - []
2023-11-07 09:33:32.860 TRACE 10456 --- [    Test worker] o.h.type.descriptor.sql.BasicExtractor   : extracted value ([modified5_2_] : [VARCHAR]) - []
2023-11-07 09:33:32.860 TRACE 10456 --- [    Test worker] o.h.type.descriptor.sql.BasicExtractor   : extracted value ([item_det6_2_] : [CLOB]) - [테스트 상품 상세 설명3]
2023-11-07 09:33:32.860 TRACE 10456 --- [    Test worker] o.h.type.descriptor.sql.BasicExtractor   : extracted value ([item_nm7_2_] : [VARCHAR]) - [테스트 상품3]
2023-11-07 09:33:32.860 TRACE 10456 --- [    Test worker] o.h.type.descriptor.sql.BasicExtractor   : extracted value ([item_sel8_2_] : [VARCHAR]) - [SELL]
2023-11-07 09:33:32.860 TRACE 10456 --- [    Test worker] o.h.type.descriptor.sql.BasicExtractor   : extracted value ([price9_2_] : [INTEGER]) - [10003]
2023-11-07 09:33:32.860 TRACE 10456 --- [    Test worker] o.h.type.descriptor.sql.BasicExtractor   : extracted value ([stock_n10_2_] : [INTEGER]) - [100]
2023-11-07 09:33:32.861 TRACE 10456 --- [    Test worker] o.h.type.descriptor.sql.BasicExtractor   : extracted value ([item_id1_2_] : [BIGINT]) - [30]
2023-11-07 09:33:32.861 TRACE 10456 --- [    Test worker] o.h.type.descriptor.sql.BasicExtractor   : extracted value ([reg_time2_2_] : [TIMESTAMP]) - [2023-11-07T09:33:32.831976]
2023-11-07 09:33:32.861 TRACE 10456 --- [    Test worker] o.h.type.descriptor.sql.BasicExtractor   : extracted value ([update_t3_2_] : [TIMESTAMP]) - [2023-11-07T09:33:32.831976]
2023-11-07 09:33:32.861 TRACE 10456 --- [    Test worker] o.h.type.descriptor.sql.BasicExtractor   : extracted value ([created_4_2_] : [VARCHAR]) - []
2023-11-07 09:33:32.861 TRACE 10456 --- [    Test worker] o.h.type.descriptor.sql.BasicExtractor   : extracted value ([modified5_2_] : [VARCHAR]) - []
2023-11-07 09:33:32.861 TRACE 10456 --- [    Test worker] o.h.type.descriptor.sql.BasicExtractor   : extracted value ([item_det6_2_] : [CLOB]) - [테스트 상품 상세 설명2]
2023-11-07 09:33:32.861 TRACE 10456 --- [    Test worker] o.h.type.descriptor.sql.BasicExtractor   : extracted value ([item_nm7_2_] : [VARCHAR]) - [테스트 상품2]
2023-11-07 09:33:32.861 TRACE 10456 --- [    Test worker] o.h.type.descriptor.sql.BasicExtractor   : extracted value ([item_sel8_2_] : [VARCHAR]) - [SELL]
2023-11-07 09:33:32.861 TRACE 10456 --- [    Test worker] o.h.type.descriptor.sql.BasicExtractor   : extracted value ([price9_2_] : [INTEGER]) - [10002]
2023-11-07 09:33:32.861 TRACE 10456 --- [    Test worker] o.h.type.descriptor.sql.BasicExtractor   : extracted value ([stock_n10_2_] : [INTEGER]) - [100]
2023-11-07 09:33:32.861 TRACE 10456 --- [    Test worker] o.h.type.descriptor.sql.BasicExtractor   : extracted value ([item_id1_2_] : [BIGINT]) - [29]
2023-11-07 09:33:32.861 TRACE 10456 --- [    Test worker] o.h.type.descriptor.sql.BasicExtractor   : extracted value ([reg_time2_2_] : [TIMESTAMP]) - [2023-11-07T09:33:32.829987]
2023-11-07 09:33:32.861 TRACE 10456 --- [    Test worker] o.h.type.descriptor.sql.BasicExtractor   : extracted value ([update_t3_2_] : [TIMESTAMP]) - [2023-11-07T09:33:32.829987]
2023-11-07 09:33:32.861 TRACE 10456 --- [    Test worker] o.h.type.descriptor.sql.BasicExtractor   : extracted value ([created_4_2_] : [VARCHAR]) - []
2023-11-07 09:33:32.861 TRACE 10456 --- [    Test worker] o.h.type.descriptor.sql.BasicExtractor   : extracted value ([modified5_2_] : [VARCHAR]) - []
2023-11-07 09:33:32.861 TRACE 10456 --- [    Test worker] o.h.type.descriptor.sql.BasicExtractor   : extracted value ([item_det6_2_] : [CLOB]) - [테스트 상품 상세 설명1]
2023-11-07 09:33:32.861 TRACE 10456 --- [    Test worker] o.h.type.descriptor.sql.BasicExtractor   : extracted value ([item_nm7_2_] : [VARCHAR]) - [테스트 상품1]
2023-11-07 09:33:32.861 TRACE 10456 --- [    Test worker] o.h.type.descriptor.sql.BasicExtractor   : extracted value ([item_sel8_2_] : [VARCHAR]) - [SELL]
2023-11-07 09:33:32.861 TRACE 10456 --- [    Test worker] o.h.type.descriptor.sql.BasicExtractor   : extracted value ([price9_2_] : [INTEGER]) - [10001]
2023-11-07 09:33:32.861 TRACE 10456 --- [    Test worker] o.h.type.descriptor.sql.BasicExtractor   : extracted value ([stock_n10_2_] : [INTEGER]) - [100]
Item(id=32, itemNm=테스트 상품4, price=10004, stockNumber=100, itemDetail=테스트 상품 상세 설명4, itemSellStatus=SELL)
Item(id=31, itemNm=테스트 상품3, price=10003, stockNumber=100, itemDetail=테스트 상품 상세 설명3, itemSellStatus=SELL)
Item(id=30, itemNm=테스트 상품2, price=10002, stockNumber=100, itemDetail=테스트 상품 상세 설명2, itemSellStatus=SELL)
Item(id=29, itemNm=테스트 상품1, price=10001, stockNumber=100, itemDetail=테스트 상품 상세 설명1, itemSellStatus=SELL)
Hibernate: 
    call next value for hibernate_sequence
Hibernate: 
    insert 
    into
        item
        (reg_time, update_time, created_by, modified_by, item_detail, item_nm, item_sell_status, price, stock_number, item_id) 
    values
        (?, ?, ?, ?, ?, ?, ?, ?, ?, ?)
2023-11-07 09:33:32.870 TRACE 10456 --- [    Test worker] o.h.type.descriptor.sql.BasicBinder      : binding parameter [1] as [TIMESTAMP] - [2023-11-07T09:33:32.870139300]
2023-11-07 09:33:32.871 TRACE 10456 --- [    Test worker] o.h.type.descriptor.sql.BasicBinder      : binding parameter [2] as [TIMESTAMP] - [2023-11-07T09:33:32.870139300]
2023-11-07 09:33:32.871 TRACE 10456 --- [    Test worker] o.h.type.descriptor.sql.BasicBinder      : binding parameter [3] as [VARCHAR] - []
2023-11-07 09:33:32.871 TRACE 10456 --- [    Test worker] o.h.type.descriptor.sql.BasicBinder      : binding parameter [4] as [VARCHAR] - []
2023-11-07 09:33:32.871 TRACE 10456 --- [    Test worker] o.h.type.descriptor.sql.BasicBinder      : binding parameter [5] as [CLOB] - [테스트 상품 상세 설명1]
2023-11-07 09:33:32.871 TRACE 10456 --- [    Test worker] o.h.type.descriptor.sql.BasicBinder      : binding parameter [6] as [VARCHAR] - [테스트 상품1]
2023-11-07 09:33:32.871 TRACE 10456 --- [    Test worker] o.h.type.descriptor.sql.BasicBinder      : binding parameter [7] as [VARCHAR] - [SELL]
2023-11-07 09:33:32.871 TRACE 10456 --- [    Test worker] o.h.type.descriptor.sql.BasicBinder      : binding parameter [8] as [INTEGER] - [10001]
2023-11-07 09:33:32.871 TRACE 10456 --- [    Test worker] o.h.type.descriptor.sql.BasicBinder      : binding parameter [9] as [INTEGER] - [100]
2023-11-07 09:33:32.871 TRACE 10456 --- [    Test worker] o.h.type.descriptor.sql.BasicBinder      : binding parameter [10] as [BIGINT] - [39]
Hibernate: 
    call next value for hibernate_sequence
Hibernate: 
    insert 
    into
        item
        (reg_time, update_time, created_by, modified_by, item_detail, item_nm, item_sell_status, price, stock_number, item_id) 
    values
        (?, ?, ?, ?, ?, ?, ?, ?, ?, ?)
2023-11-07 09:33:32.872 TRACE 10456 --- [    Test worker] o.h.type.descriptor.sql.BasicBinder      : binding parameter [1] as [TIMESTAMP] - [2023-11-07T09:33:32.871138200]
2023-11-07 09:33:32.872 TRACE 10456 --- [    Test worker] o.h.type.descriptor.sql.BasicBinder      : binding parameter [2] as [TIMESTAMP] - [2023-11-07T09:33:32.871138200]
2023-11-07 09:33:32.872 TRACE 10456 --- [    Test worker] o.h.type.descriptor.sql.BasicBinder      : binding parameter [3] as [VARCHAR] - []
2023-11-07 09:33:32.872 TRACE 10456 --- [    Test worker] o.h.type.descriptor.sql.BasicBinder      : binding parameter [4] as [VARCHAR] - []
2023-11-07 09:33:32.872 TRACE 10456 --- [    Test worker] o.h.type.descriptor.sql.BasicBinder      : binding parameter [5] as [CLOB] - [테스트 상품 상세 설명2]
2023-11-07 09:33:32.872 TRACE 10456 --- [    Test worker] o.h.type.descriptor.sql.BasicBinder      : binding parameter [6] as [VARCHAR] - [테스트 상품2]
2023-11-07 09:33:32.872 TRACE 10456 --- [    Test worker] o.h.type.descriptor.sql.BasicBinder      : binding parameter [7] as [VARCHAR] - [SELL]
2023-11-07 09:33:32.872 TRACE 10456 --- [    Test worker] o.h.type.descriptor.sql.BasicBinder      : binding parameter [8] as [INTEGER] - [10002]
2023-11-07 09:33:32.872 TRACE 10456 --- [    Test worker] o.h.type.descriptor.sql.BasicBinder      : binding parameter [9] as [INTEGER] - [100]
2023-11-07 09:33:32.872 TRACE 10456 --- [    Test worker] o.h.type.descriptor.sql.BasicBinder      : binding parameter [10] as [BIGINT] - [40]
Hibernate: 
    call next value for hibernate_sequence
Hibernate: 
    insert 
    into
        item
        (reg_time, update_time, created_by, modified_by, item_detail, item_nm, item_sell_status, price, stock_number, item_id) 
    values
        (?, ?, ?, ?, ?, ?, ?, ?, ?, ?)
2023-11-07 09:33:32.873 TRACE 10456 --- [    Test worker] o.h.type.descriptor.sql.BasicBinder      : binding parameter [1] as [TIMESTAMP] - [2023-11-07T09:33:32.872147600]
2023-11-07 09:33:32.873 TRACE 10456 --- [    Test worker] o.h.type.descriptor.sql.BasicBinder      : binding parameter [2] as [TIMESTAMP] - [2023-11-07T09:33:32.872147600]
2023-11-07 09:33:32.873 TRACE 10456 --- [    Test worker] o.h.type.descriptor.sql.BasicBinder      : binding parameter [3] as [VARCHAR] - []
2023-11-07 09:33:32.873 TRACE 10456 --- [    Test worker] o.h.type.descriptor.sql.BasicBinder      : binding parameter [4] as [VARCHAR] - []
2023-11-07 09:33:32.873 TRACE 10456 --- [    Test worker] o.h.type.descriptor.sql.BasicBinder      : binding parameter [5] as [CLOB] - [테스트 상품 상세 설명3]
2023-11-07 09:33:32.873 TRACE 10456 --- [    Test worker] o.h.type.descriptor.sql.BasicBinder      : binding parameter [6] as [VARCHAR] - [테스트 상품3]
2023-11-07 09:33:32.873 TRACE 10456 --- [    Test worker] o.h.type.descriptor.sql.BasicBinder      : binding parameter [7] as [VARCHAR] - [SELL]
2023-11-07 09:33:32.873 TRACE 10456 --- [    Test worker] o.h.type.descriptor.sql.BasicBinder      : binding parameter [8] as [INTEGER] - [10003]
2023-11-07 09:33:32.873 TRACE 10456 --- [    Test worker] o.h.type.descriptor.sql.BasicBinder      : binding parameter [9] as [INTEGER] - [100]
2023-11-07 09:33:32.873 TRACE 10456 --- [    Test worker] o.h.type.descriptor.sql.BasicBinder      : binding parameter [10] as [BIGINT] - [41]
Hibernate: 
    call next value for hibernate_sequence
Hibernate: 
    insert 
    into
        item
        (reg_time, update_time, created_by, modified_by, item_detail, item_nm, item_sell_status, price, stock_number, item_id) 
    values
        (?, ?, ?, ?, ?, ?, ?, ?, ?, ?)
2023-11-07 09:33:32.874 TRACE 10456 --- [    Test worker] o.h.type.descriptor.sql.BasicBinder      : binding parameter [1] as [TIMESTAMP] - [2023-11-07T09:33:32.873138700]
2023-11-07 09:33:32.874 TRACE 10456 --- [    Test worker] o.h.type.descriptor.sql.BasicBinder      : binding parameter [2] as [TIMESTAMP] - [2023-11-07T09:33:32.873138700]
2023-11-07 09:33:32.874 TRACE 10456 --- [    Test worker] o.h.type.descriptor.sql.BasicBinder      : binding parameter [3] as [VARCHAR] - []
2023-11-07 09:33:32.874 TRACE 10456 --- [    Test worker] o.h.type.descriptor.sql.BasicBinder      : binding parameter [4] as [VARCHAR] - []
2023-11-07 09:33:32.874 TRACE 10456 --- [    Test worker] o.h.type.descriptor.sql.BasicBinder      : binding parameter [5] as [CLOB] - [테스트 상품 상세 설명4]
2023-11-07 09:33:32.874 TRACE 10456 --- [    Test worker] o.h.type.descriptor.sql.BasicBinder      : binding parameter [6] as [VARCHAR] - [테스트 상품4]
2023-11-07 09:33:32.874 TRACE 10456 --- [    Test worker] o.h.type.descriptor.sql.BasicBinder      : binding parameter [7] as [VARCHAR] - [SELL]
2023-11-07 09:33:32.874 TRACE 10456 --- [    Test worker] o.h.type.descriptor.sql.BasicBinder      : binding parameter [8] as [INTEGER] - [10004]
2023-11-07 09:33:32.874 TRACE 10456 --- [    Test worker] o.h.type.descriptor.sql.BasicBinder      : binding parameter [9] as [INTEGER] - [100]
2023-11-07 09:33:32.874 TRACE 10456 --- [    Test worker] o.h.type.descriptor.sql.BasicBinder      : binding parameter [10] as [BIGINT] - [42]
Hibernate: 
    call next value for hibernate_sequence
Hibernate: 
    insert 
    into
        item
        (reg_time, update_time, created_by, modified_by, item_detail, item_nm, item_sell_status, price, stock_number, item_id) 
    values
        (?, ?, ?, ?, ?, ?, ?, ?, ?, ?)
2023-11-07 09:33:32.874 TRACE 10456 --- [    Test worker] o.h.type.descriptor.sql.BasicBinder      : binding parameter [1] as [TIMESTAMP] - [2023-11-07T09:33:32.874148700]
2023-11-07 09:33:32.874 TRACE 10456 --- [    Test worker] o.h.type.descriptor.sql.BasicBinder      : binding parameter [2] as [TIMESTAMP] - [2023-11-07T09:33:32.874148700]
2023-11-07 09:33:32.874 TRACE 10456 --- [    Test worker] o.h.type.descriptor.sql.BasicBinder      : binding parameter [3] as [VARCHAR] - []
2023-11-07 09:33:32.874 TRACE 10456 --- [    Test worker] o.h.type.descriptor.sql.BasicBinder      : binding parameter [4] as [VARCHAR] - []
2023-11-07 09:33:32.874 TRACE 10456 --- [    Test worker] o.h.type.descriptor.sql.BasicBinder      : binding parameter [5] as [CLOB] - [테스트 상품 상세 설명5]
2023-11-07 09:33:32.875 TRACE 10456 --- [    Test worker] o.h.type.descriptor.sql.BasicBinder      : binding parameter [6] as [VARCHAR] - [테스트 상품5]
2023-11-07 09:33:32.875 TRACE 10456 --- [    Test worker] o.h.type.descriptor.sql.BasicBinder      : binding parameter [7] as [VARCHAR] - [SELL]
2023-11-07 09:33:32.875 TRACE 10456 --- [    Test worker] o.h.type.descriptor.sql.BasicBinder      : binding parameter [8] as [INTEGER] - [10005]
2023-11-07 09:33:32.875 TRACE 10456 --- [    Test worker] o.h.type.descriptor.sql.BasicBinder      : binding parameter [9] as [INTEGER] - [100]
2023-11-07 09:33:32.875 TRACE 10456 --- [    Test worker] o.h.type.descriptor.sql.BasicBinder      : binding parameter [10] as [BIGINT] - [43]
Hibernate: 
    call next value for hibernate_sequence
Hibernate: 
    insert 
    into
        item
        (reg_time, update_time, created_by, modified_by, item_detail, item_nm, item_sell_status, price, stock_number, item_id) 
    values
        (?, ?, ?, ?, ?, ?, ?, ?, ?, ?)
2023-11-07 09:33:32.875 TRACE 10456 --- [    Test worker] o.h.type.descriptor.sql.BasicBinder      : binding parameter [1] as [TIMESTAMP] - [2023-11-07T09:33:32.875138800]
2023-11-07 09:33:32.875 TRACE 10456 --- [    Test worker] o.h.type.descriptor.sql.BasicBinder      : binding parameter [2] as [TIMESTAMP] - [2023-11-07T09:33:32.875138800]
2023-11-07 09:33:32.875 TRACE 10456 --- [    Test worker] o.h.type.descriptor.sql.BasicBinder      : binding parameter [3] as [VARCHAR] - []
2023-11-07 09:33:32.875 TRACE 10456 --- [    Test worker] o.h.type.descriptor.sql.BasicBinder      : binding parameter [4] as [VARCHAR] - []
2023-11-07 09:33:32.875 TRACE 10456 --- [    Test worker] o.h.type.descriptor.sql.BasicBinder      : binding parameter [5] as [CLOB] - [테스트 상품 상세 설명6]
2023-11-07 09:33:32.875 TRACE 10456 --- [    Test worker] o.h.type.descriptor.sql.BasicBinder      : binding parameter [6] as [VARCHAR] - [테스트 상품6]
2023-11-07 09:33:32.875 TRACE 10456 --- [    Test worker] o.h.type.descriptor.sql.BasicBinder      : binding parameter [7] as [VARCHAR] - [SELL]
2023-11-07 09:33:32.875 TRACE 10456 --- [    Test worker] o.h.type.descriptor.sql.BasicBinder      : binding parameter [8] as [INTEGER] - [10006]
2023-11-07 09:33:32.876 TRACE 10456 --- [    Test worker] o.h.type.descriptor.sql.BasicBinder      : binding parameter [9] as [INTEGER] - [100]
2023-11-07 09:33:32.876 TRACE 10456 --- [    Test worker] o.h.type.descriptor.sql.BasicBinder      : binding parameter [10] as [BIGINT] - [44]
Hibernate: 
    call next value for hibernate_sequence
Hibernate: 
    insert 
    into
        item
        (reg_time, update_time, created_by, modified_by, item_detail, item_nm, item_sell_status, price, stock_number, item_id) 
    values
        (?, ?, ?, ?, ?, ?, ?, ?, ?, ?)
2023-11-07 09:33:32.877 TRACE 10456 --- [    Test worker] o.h.type.descriptor.sql.BasicBinder      : binding parameter [1] as [TIMESTAMP] - [2023-11-07T09:33:32.876139200]
2023-11-07 09:33:32.877 TRACE 10456 --- [    Test worker] o.h.type.descriptor.sql.BasicBinder      : binding parameter [2] as [TIMESTAMP] - [2023-11-07T09:33:32.876139200]
2023-11-07 09:33:32.877 TRACE 10456 --- [    Test worker] o.h.type.descriptor.sql.BasicBinder      : binding parameter [3] as [VARCHAR] - []
2023-11-07 09:33:32.877 TRACE 10456 --- [    Test worker] o.h.type.descriptor.sql.BasicBinder      : binding parameter [4] as [VARCHAR] - []
2023-11-07 09:33:32.877 TRACE 10456 --- [    Test worker] o.h.type.descriptor.sql.BasicBinder      : binding parameter [5] as [CLOB] - [테스트 상품 상세 설명7]
2023-11-07 09:33:32.877 TRACE 10456 --- [    Test worker] o.h.type.descriptor.sql.BasicBinder      : binding parameter [6] as [VARCHAR] - [테스트 상품7]
2023-11-07 09:33:32.877 TRACE 10456 --- [    Test worker] o.h.type.descriptor.sql.BasicBinder      : binding parameter [7] as [VARCHAR] - [SELL]
2023-11-07 09:33:32.877 TRACE 10456 --- [    Test worker] o.h.type.descriptor.sql.BasicBinder      : binding parameter [8] as [INTEGER] - [10007]
2023-11-07 09:33:32.877 TRACE 10456 --- [    Test worker] o.h.type.descriptor.sql.BasicBinder      : binding parameter [9] as [INTEGER] - [100]
2023-11-07 09:33:32.877 TRACE 10456 --- [    Test worker] o.h.type.descriptor.sql.BasicBinder      : binding parameter [10] as [BIGINT] - [45]
Hibernate: 
    call next value for hibernate_sequence
Hibernate: 
    insert 
    into
        item
        (reg_time, update_time, created_by, modified_by, item_detail, item_nm, item_sell_status, price, stock_number, item_id) 
    values
        (?, ?, ?, ?, ?, ?, ?, ?, ?, ?)
2023-11-07 09:33:32.878 TRACE 10456 --- [    Test worker] o.h.type.descriptor.sql.BasicBinder      : binding parameter [1] as [TIMESTAMP] - [2023-11-07T09:33:32.878141500]
2023-11-07 09:33:32.878 TRACE 10456 --- [    Test worker] o.h.type.descriptor.sql.BasicBinder      : binding parameter [2] as [TIMESTAMP] - [2023-11-07T09:33:32.878141500]
2023-11-07 09:33:32.878 TRACE 10456 --- [    Test worker] o.h.type.descriptor.sql.BasicBinder      : binding parameter [3] as [VARCHAR] - []
2023-11-07 09:33:32.878 TRACE 10456 --- [    Test worker] o.h.type.descriptor.sql.BasicBinder      : binding parameter [4] as [VARCHAR] - []
2023-11-07 09:33:32.878 TRACE 10456 --- [    Test worker] o.h.type.descriptor.sql.BasicBinder      : binding parameter [5] as [CLOB] - [테스트 상품 상세 설명8]
2023-11-07 09:33:32.878 TRACE 10456 --- [    Test worker] o.h.type.descriptor.sql.BasicBinder      : binding parameter [6] as [VARCHAR] - [테스트 상품8]
2023-11-07 09:33:32.878 TRACE 10456 --- [    Test worker] o.h.type.descriptor.sql.BasicBinder      : binding parameter [7] as [VARCHAR] - [SELL]
2023-11-07 09:33:32.878 TRACE 10456 --- [    Test worker] o.h.type.descriptor.sql.BasicBinder      : binding parameter [8] as [INTEGER] - [10008]
2023-11-07 09:33:32.878 TRACE 10456 --- [    Test worker] o.h.type.descriptor.sql.BasicBinder      : binding parameter [9] as [INTEGER] - [100]
2023-11-07 09:33:32.878 TRACE 10456 --- [    Test worker] o.h.type.descriptor.sql.BasicBinder      : binding parameter [10] as [BIGINT] - [46]
Hibernate: 
    call next value for hibernate_sequence
Hibernate: 
    insert 
    into
        item
        (reg_time, update_time, created_by, modified_by, item_detail, item_nm, item_sell_status, price, stock_number, item_id) 
    values
        (?, ?, ?, ?, ?, ?, ?, ?, ?, ?)
2023-11-07 09:33:32.879 TRACE 10456 --- [    Test worker] o.h.type.descriptor.sql.BasicBinder      : binding parameter [1] as [TIMESTAMP] - [2023-11-07T09:33:32.879138900]
2023-11-07 09:33:32.879 TRACE 10456 --- [    Test worker] o.h.type.descriptor.sql.BasicBinder      : binding parameter [2] as [TIMESTAMP] - [2023-11-07T09:33:32.879138900]
2023-11-07 09:33:32.879 TRACE 10456 --- [    Test worker] o.h.type.descriptor.sql.BasicBinder      : binding parameter [3] as [VARCHAR] - []
2023-11-07 09:33:32.879 TRACE 10456 --- [    Test worker] o.h.type.descriptor.sql.BasicBinder      : binding parameter [4] as [VARCHAR] - []
2023-11-07 09:33:32.879 TRACE 10456 --- [    Test worker] o.h.type.descriptor.sql.BasicBinder      : binding parameter [5] as [CLOB] - [테스트 상품 상세 설명9]
2023-11-07 09:33:32.879 TRACE 10456 --- [    Test worker] o.h.type.descriptor.sql.BasicBinder      : binding parameter [6] as [VARCHAR] - [테스트 상품9]
2023-11-07 09:33:32.879 TRACE 10456 --- [    Test worker] o.h.type.descriptor.sql.BasicBinder      : binding parameter [7] as [VARCHAR] - [SELL]
2023-11-07 09:33:32.879 TRACE 10456 --- [    Test worker] o.h.type.descriptor.sql.BasicBinder      : binding parameter [8] as [INTEGER] - [10009]
2023-11-07 09:33:32.879 TRACE 10456 --- [    Test worker] o.h.type.descriptor.sql.BasicBinder      : binding parameter [9] as [INTEGER] - [100]
2023-11-07 09:33:32.879 TRACE 10456 --- [    Test worker] o.h.type.descriptor.sql.BasicBinder      : binding parameter [10] as [BIGINT] - [47]
Hibernate: 
    call next value for hibernate_sequence
Hibernate: 
    insert 
    into
        item
        (reg_time, update_time, created_by, modified_by, item_detail, item_nm, item_sell_status, price, stock_number, item_id) 
    values
        (?, ?, ?, ?, ?, ?, ?, ?, ?, ?)
2023-11-07 09:33:32.880 TRACE 10456 --- [    Test worker] o.h.type.descriptor.sql.BasicBinder      : binding parameter [1] as [TIMESTAMP] - [2023-11-07T09:33:32.880140]
2023-11-07 09:33:32.880 TRACE 10456 --- [    Test worker] o.h.type.descriptor.sql.BasicBinder      : binding parameter [2] as [TIMESTAMP] - [2023-11-07T09:33:32.880140]
2023-11-07 09:33:32.880 TRACE 10456 --- [    Test worker] o.h.type.descriptor.sql.BasicBinder      : binding parameter [3] as [VARCHAR] - []
2023-11-07 09:33:32.880 TRACE 10456 --- [    Test worker] o.h.type.descriptor.sql.BasicBinder      : binding parameter [4] as [VARCHAR] - []
2023-11-07 09:33:32.880 TRACE 10456 --- [    Test worker] o.h.type.descriptor.sql.BasicBinder      : binding parameter [5] as [CLOB] - [테스트 상품 상세 설명10]
2023-11-07 09:33:32.880 TRACE 10456 --- [    Test worker] o.h.type.descriptor.sql.BasicBinder      : binding parameter [6] as [VARCHAR] - [테스트 상품10]
2023-11-07 09:33:32.880 TRACE 10456 --- [    Test worker] o.h.type.descriptor.sql.BasicBinder      : binding parameter [7] as [VARCHAR] - [SELL]
2023-11-07 09:33:32.880 TRACE 10456 --- [    Test worker] o.h.type.descriptor.sql.BasicBinder      : binding parameter [8] as [INTEGER] - [10010]
2023-11-07 09:33:32.880 TRACE 10456 --- [    Test worker] o.h.type.descriptor.sql.BasicBinder      : binding parameter [9] as [INTEGER] - [100]
2023-11-07 09:33:32.880 TRACE 10456 --- [    Test worker] o.h.type.descriptor.sql.BasicBinder      : binding parameter [10] as [BIGINT] - [48]
Hibernate: 
    select
        item0_.item_id as item_id1_2_,
        item0_.reg_time as reg_time2_2_,
        item0_.update_time as update_t3_2_,
        item0_.created_by as created_4_2_,
        item0_.modified_by as modified5_2_,
        item0_.item_detail as item_det6_2_,
        item0_.item_nm as item_nm7_2_,
        item0_.item_sell_status as item_sel8_2_,
        item0_.price as price9_2_,
        item0_.stock_number as stock_n10_2_ 
    from
        item item0_ 
    where
        item0_.item_sell_status=? 
        and (
            item0_.item_detail like ? escape '!'
        ) 
    order by
        item0_.price desc
2023-11-07 09:33:32.922 TRACE 10456 --- [    Test worker] o.h.type.descriptor.sql.BasicBinder      : binding parameter [1] as [VARCHAR] - [SELL]
2023-11-07 09:33:32.922 TRACE 10456 --- [    Test worker] o.h.type.descriptor.sql.BasicBinder      : binding parameter [2] as [CLOB] - [%테스트 상품 상세 설명%]
2023-11-07 09:33:32.923 TRACE 10456 --- [    Test worker] o.h.type.descriptor.sql.BasicExtractor   : extracted value ([item_id1_2_] : [BIGINT]) - [38]
2023-11-07 09:33:32.923 TRACE 10456 --- [    Test worker] o.h.type.descriptor.sql.BasicExtractor   : extracted value ([reg_time2_2_] : [TIMESTAMP]) - [2023-11-07T09:33:32.842975]
2023-11-07 09:33:32.923 TRACE 10456 --- [    Test worker] o.h.type.descriptor.sql.BasicExtractor   : extracted value ([update_t3_2_] : [TIMESTAMP]) - [2023-11-07T09:33:32.842975]
2023-11-07 09:33:32.923 TRACE 10456 --- [    Test worker] o.h.type.descriptor.sql.BasicExtractor   : extracted value ([created_4_2_] : [VARCHAR]) - []
2023-11-07 09:33:32.923 TRACE 10456 --- [    Test worker] o.h.type.descriptor.sql.BasicExtractor   : extracted value ([modified5_2_] : [VARCHAR]) - []
2023-11-07 09:33:32.923 TRACE 10456 --- [    Test worker] o.h.type.descriptor.sql.BasicExtractor   : extracted value ([item_det6_2_] : [CLOB]) - [테스트 상품 상세 설명10]
2023-11-07 09:33:32.923 TRACE 10456 --- [    Test worker] o.h.type.descriptor.sql.BasicExtractor   : extracted value ([item_nm7_2_] : [VARCHAR]) - [테스트 상품10]
2023-11-07 09:33:32.923 TRACE 10456 --- [    Test worker] o.h.type.descriptor.sql.BasicExtractor   : extracted value ([item_sel8_2_] : [VARCHAR]) - [SELL]
2023-11-07 09:33:32.924 TRACE 10456 --- [    Test worker] o.h.type.descriptor.sql.BasicExtractor   : extracted value ([price9_2_] : [INTEGER]) - [10010]
2023-11-07 09:33:32.924 TRACE 10456 --- [    Test worker] o.h.type.descriptor.sql.BasicExtractor   : extracted value ([stock_n10_2_] : [INTEGER]) - [100]
2023-11-07 09:33:32.924 TRACE 10456 --- [    Test worker] o.h.type.descriptor.sql.BasicExtractor   : extracted value ([item_id1_2_] : [BIGINT]) - [48]
2023-11-07 09:33:32.924 TRACE 10456 --- [    Test worker] o.h.type.descriptor.sql.BasicExtractor   : extracted value ([reg_time2_2_] : [TIMESTAMP]) - [2023-11-07T09:33:32.880140]
2023-11-07 09:33:32.924 TRACE 10456 --- [    Test worker] o.h.type.descriptor.sql.BasicExtractor   : extracted value ([update_t3_2_] : [TIMESTAMP]) - [2023-11-07T09:33:32.880140]
2023-11-07 09:33:32.924 TRACE 10456 --- [    Test worker] o.h.type.descriptor.sql.BasicExtractor   : extracted value ([created_4_2_] : [VARCHAR]) - []
2023-11-07 09:33:32.924 TRACE 10456 --- [    Test worker] o.h.type.descriptor.sql.BasicExtractor   : extracted value ([modified5_2_] : [VARCHAR]) - []
2023-11-07 09:33:32.924 TRACE 10456 --- [    Test worker] o.h.type.descriptor.sql.BasicExtractor   : extracted value ([item_det6_2_] : [CLOB]) - [테스트 상품 상세 설명10]
2023-11-07 09:33:32.924 TRACE 10456 --- [    Test worker] o.h.type.descriptor.sql.BasicExtractor   : extracted value ([item_nm7_2_] : [VARCHAR]) - [테스트 상품10]
2023-11-07 09:33:32.924 TRACE 10456 --- [    Test worker] o.h.type.descriptor.sql.BasicExtractor   : extracted value ([item_sel8_2_] : [VARCHAR]) - [SELL]
2023-11-07 09:33:32.924 TRACE 10456 --- [    Test worker] o.h.type.descriptor.sql.BasicExtractor   : extracted value ([price9_2_] : [INTEGER]) - [10010]
2023-11-07 09:33:32.924 TRACE 10456 --- [    Test worker] o.h.type.descriptor.sql.BasicExtractor   : extracted value ([stock_n10_2_] : [INTEGER]) - [100]
2023-11-07 09:33:32.924 TRACE 10456 --- [    Test worker] o.h.type.descriptor.sql.BasicExtractor   : extracted value ([item_id1_2_] : [BIGINT]) - [37]
2023-11-07 09:33:32.924 TRACE 10456 --- [    Test worker] o.h.type.descriptor.sql.BasicExtractor   : extracted value ([reg_time2_2_] : [TIMESTAMP]) - [2023-11-07T09:33:32.840975]
2023-11-07 09:33:32.924 TRACE 10456 --- [    Test worker] o.h.type.descriptor.sql.BasicExtractor   : extracted value ([update_t3_2_] : [TIMESTAMP]) - [2023-11-07T09:33:32.840975]
2023-11-07 09:33:32.924 TRACE 10456 --- [    Test worker] o.h.type.descriptor.sql.BasicExtractor   : extracted value ([created_4_2_] : [VARCHAR]) - []
2023-11-07 09:33:32.924 TRACE 10456 --- [    Test worker] o.h.type.descriptor.sql.BasicExtractor   : extracted value ([modified5_2_] : [VARCHAR]) - []
2023-11-07 09:33:32.924 TRACE 10456 --- [    Test worker] o.h.type.descriptor.sql.BasicExtractor   : extracted value ([item_det6_2_] : [CLOB]) - [테스트 상품 상세 설명9]
2023-11-07 09:33:32.924 TRACE 10456 --- [    Test worker] o.h.type.descriptor.sql.BasicExtractor   : extracted value ([item_nm7_2_] : [VARCHAR]) - [테스트 상품9]
2023-11-07 09:33:32.924 TRACE 10456 --- [    Test worker] o.h.type.descriptor.sql.BasicExtractor   : extracted value ([item_sel8_2_] : [VARCHAR]) - [SELL]
2023-11-07 09:33:32.924 TRACE 10456 --- [    Test worker] o.h.type.descriptor.sql.BasicExtractor   : extracted value ([price9_2_] : [INTEGER]) - [10009]
2023-11-07 09:33:32.924 TRACE 10456 --- [    Test worker] o.h.type.descriptor.sql.BasicExtractor   : extracted value ([stock_n10_2_] : [INTEGER]) - [100]
2023-11-07 09:33:32.925 TRACE 10456 --- [    Test worker] o.h.type.descriptor.sql.BasicExtractor   : extracted value ([item_id1_2_] : [BIGINT]) - [47]
2023-11-07 09:33:32.925 TRACE 10456 --- [    Test worker] o.h.type.descriptor.sql.BasicExtractor   : extracted value ([reg_time2_2_] : [TIMESTAMP]) - [2023-11-07T09:33:32.879139]
2023-11-07 09:33:32.925 TRACE 10456 --- [    Test worker] o.h.type.descriptor.sql.BasicExtractor   : extracted value ([update_t3_2_] : [TIMESTAMP]) - [2023-11-07T09:33:32.879139]
2023-11-07 09:33:32.925 TRACE 10456 --- [    Test worker] o.h.type.descriptor.sql.BasicExtractor   : extracted value ([created_4_2_] : [VARCHAR]) - []
2023-11-07 09:33:32.925 TRACE 10456 --- [    Test worker] o.h.type.descriptor.sql.BasicExtractor   : extracted value ([modified5_2_] : [VARCHAR]) - []
2023-11-07 09:33:32.925 TRACE 10456 --- [    Test worker] o.h.type.descriptor.sql.BasicExtractor   : extracted value ([item_det6_2_] : [CLOB]) - [테스트 상품 상세 설명9]
2023-11-07 09:33:32.925 TRACE 10456 --- [    Test worker] o.h.type.descriptor.sql.BasicExtractor   : extracted value ([item_nm7_2_] : [VARCHAR]) - [테스트 상품9]
2023-11-07 09:33:32.925 TRACE 10456 --- [    Test worker] o.h.type.descriptor.sql.BasicExtractor   : extracted value ([item_sel8_2_] : [VARCHAR]) - [SELL]
2023-11-07 09:33:32.925 TRACE 10456 --- [    Test worker] o.h.type.descriptor.sql.BasicExtractor   : extracted value ([price9_2_] : [INTEGER]) - [10009]
2023-11-07 09:33:32.925 TRACE 10456 --- [    Test worker] o.h.type.descriptor.sql.BasicExtractor   : extracted value ([stock_n10_2_] : [INTEGER]) - [100]
2023-11-07 09:33:32.925 TRACE 10456 --- [    Test worker] o.h.type.descriptor.sql.BasicExtractor   : extracted value ([item_id1_2_] : [BIGINT]) - [36]
2023-11-07 09:33:32.925 TRACE 10456 --- [    Test worker] o.h.type.descriptor.sql.BasicExtractor   : extracted value ([reg_time2_2_] : [TIMESTAMP]) - [2023-11-07T09:33:32.839976]
2023-11-07 09:33:32.925 TRACE 10456 --- [    Test worker] o.h.type.descriptor.sql.BasicExtractor   : extracted value ([update_t3_2_] : [TIMESTAMP]) - [2023-11-07T09:33:32.839976]
2023-11-07 09:33:32.925 TRACE 10456 --- [    Test worker] o.h.type.descriptor.sql.BasicExtractor   : extracted value ([created_4_2_] : [VARCHAR]) - []
2023-11-07 09:33:32.925 TRACE 10456 --- [    Test worker] o.h.type.descriptor.sql.BasicExtractor   : extracted value ([modified5_2_] : [VARCHAR]) - []
2023-11-07 09:33:32.925 TRACE 10456 --- [    Test worker] o.h.type.descriptor.sql.BasicExtractor   : extracted value ([item_det6_2_] : [CLOB]) - [테스트 상품 상세 설명8]
2023-11-07 09:33:32.925 TRACE 10456 --- [    Test worker] o.h.type.descriptor.sql.BasicExtractor   : extracted value ([item_nm7_2_] : [VARCHAR]) - [테스트 상품8]
2023-11-07 09:33:32.926 TRACE 10456 --- [    Test worker] o.h.type.descriptor.sql.BasicExtractor   : extracted value ([item_sel8_2_] : [VARCHAR]) - [SELL]
2023-11-07 09:33:32.926 TRACE 10456 --- [    Test worker] o.h.type.descriptor.sql.BasicExtractor   : extracted value ([price9_2_] : [INTEGER]) - [10008]
2023-11-07 09:33:32.926 TRACE 10456 --- [    Test worker] o.h.type.descriptor.sql.BasicExtractor   : extracted value ([stock_n10_2_] : [INTEGER]) - [100]
2023-11-07 09:33:32.926 TRACE 10456 --- [    Test worker] o.h.type.descriptor.sql.BasicExtractor   : extracted value ([item_id1_2_] : [BIGINT]) - [46]
2023-11-07 09:33:32.926 TRACE 10456 --- [    Test worker] o.h.type.descriptor.sql.BasicExtractor   : extracted value ([reg_time2_2_] : [TIMESTAMP]) - [2023-11-07T09:33:32.878142]
2023-11-07 09:33:32.926 TRACE 10456 --- [    Test worker] o.h.type.descriptor.sql.BasicExtractor   : extracted value ([update_t3_2_] : [TIMESTAMP]) - [2023-11-07T09:33:32.878142]
2023-11-07 09:33:32.926 TRACE 10456 --- [    Test worker] o.h.type.descriptor.sql.BasicExtractor   : extracted value ([created_4_2_] : [VARCHAR]) - []
2023-11-07 09:33:32.926 TRACE 10456 --- [    Test worker] o.h.type.descriptor.sql.BasicExtractor   : extracted value ([modified5_2_] : [VARCHAR]) - []
2023-11-07 09:33:32.926 TRACE 10456 --- [    Test worker] o.h.type.descriptor.sql.BasicExtractor   : extracted value ([item_det6_2_] : [CLOB]) - [테스트 상품 상세 설명8]
2023-11-07 09:33:32.926 TRACE 10456 --- [    Test worker] o.h.type.descriptor.sql.BasicExtractor   : extracted value ([item_nm7_2_] : [VARCHAR]) - [테스트 상품8]
2023-11-07 09:33:32.926 TRACE 10456 --- [    Test worker] o.h.type.descriptor.sql.BasicExtractor   : extracted value ([item_sel8_2_] : [VARCHAR]) - [SELL]
2023-11-07 09:33:32.926 TRACE 10456 --- [    Test worker] o.h.type.descriptor.sql.BasicExtractor   : extracted value ([price9_2_] : [INTEGER]) - [10008]
2023-11-07 09:33:32.926 TRACE 10456 --- [    Test worker] o.h.type.descriptor.sql.BasicExtractor   : extracted value ([stock_n10_2_] : [INTEGER]) - [100]
2023-11-07 09:33:32.926 TRACE 10456 --- [    Test worker] o.h.type.descriptor.sql.BasicExtractor   : extracted value ([item_id1_2_] : [BIGINT]) - [35]
2023-11-07 09:33:32.926 TRACE 10456 --- [    Test worker] o.h.type.descriptor.sql.BasicExtractor   : extracted value ([reg_time2_2_] : [TIMESTAMP]) - [2023-11-07T09:33:32.838975]
2023-11-07 09:33:32.926 TRACE 10456 --- [    Test worker] o.h.type.descriptor.sql.BasicExtractor   : extracted value ([update_t3_2_] : [TIMESTAMP]) - [2023-11-07T09:33:32.838975]
2023-11-07 09:33:32.926 TRACE 10456 --- [    Test worker] o.h.type.descriptor.sql.BasicExtractor   : extracted value ([created_4_2_] : [VARCHAR]) - []
2023-11-07 09:33:32.926 TRACE 10456 --- [    Test worker] o.h.type.descriptor.sql.BasicExtractor   : extracted value ([modified5_2_] : [VARCHAR]) - []
2023-11-07 09:33:32.926 TRACE 10456 --- [    Test worker] o.h.type.descriptor.sql.BasicExtractor   : extracted value ([item_det6_2_] : [CLOB]) - [테스트 상품 상세 설명7]
2023-11-07 09:33:32.926 TRACE 10456 --- [    Test worker] o.h.type.descriptor.sql.BasicExtractor   : extracted value ([item_nm7_2_] : [VARCHAR]) - [테스트 상품7]
2023-11-07 09:33:32.926 TRACE 10456 --- [    Test worker] o.h.type.descriptor.sql.BasicExtractor   : extracted value ([item_sel8_2_] : [VARCHAR]) - [SELL]
2023-11-07 09:33:32.926 TRACE 10456 --- [    Test worker] o.h.type.descriptor.sql.BasicExtractor   : extracted value ([price9_2_] : [INTEGER]) - [10007]
2023-11-07 09:33:32.926 TRACE 10456 --- [    Test worker] o.h.type.descriptor.sql.BasicExtractor   : extracted value ([stock_n10_2_] : [INTEGER]) - [100]
2023-11-07 09:33:32.927 TRACE 10456 --- [    Test worker] o.h.type.descriptor.sql.BasicExtractor   : extracted value ([item_id1_2_] : [BIGINT]) - [45]
2023-11-07 09:33:32.927 TRACE 10456 --- [    Test worker] o.h.type.descriptor.sql.BasicExtractor   : extracted value ([reg_time2_2_] : [TIMESTAMP]) - [2023-11-07T09:33:32.876139]
2023-11-07 09:33:32.927 TRACE 10456 --- [    Test worker] o.h.type.descriptor.sql.BasicExtractor   : extracted value ([update_t3_2_] : [TIMESTAMP]) - [2023-11-07T09:33:32.876139]
2023-11-07 09:33:32.927 TRACE 10456 --- [    Test worker] o.h.type.descriptor.sql.BasicExtractor   : extracted value ([created_4_2_] : [VARCHAR]) - []
2023-11-07 09:33:32.927 TRACE 10456 --- [    Test worker] o.h.type.descriptor.sql.BasicExtractor   : extracted value ([modified5_2_] : [VARCHAR]) - []
2023-11-07 09:33:32.928 TRACE 10456 --- [    Test worker] o.h.type.descriptor.sql.BasicExtractor   : extracted value ([item_det6_2_] : [CLOB]) - [테스트 상품 상세 설명7]
2023-11-07 09:33:32.928 TRACE 10456 --- [    Test worker] o.h.type.descriptor.sql.BasicExtractor   : extracted value ([item_nm7_2_] : [VARCHAR]) - [테스트 상품7]
2023-11-07 09:33:32.928 TRACE 10456 --- [    Test worker] o.h.type.descriptor.sql.BasicExtractor   : extracted value ([item_sel8_2_] : [VARCHAR]) - [SELL]
2023-11-07 09:33:32.928 TRACE 10456 --- [    Test worker] o.h.type.descriptor.sql.BasicExtractor   : extracted value ([price9_2_] : [INTEGER]) - [10007]
2023-11-07 09:33:32.928 TRACE 10456 --- [    Test worker] o.h.type.descriptor.sql.BasicExtractor   : extracted value ([stock_n10_2_] : [INTEGER]) - [100]
2023-11-07 09:33:32.928 TRACE 10456 --- [    Test worker] o.h.type.descriptor.sql.BasicExtractor   : extracted value ([item_id1_2_] : [BIGINT]) - [34]
2023-11-07 09:33:32.928 TRACE 10456 --- [    Test worker] o.h.type.descriptor.sql.BasicExtractor   : extracted value ([reg_time2_2_] : [TIMESTAMP]) - [2023-11-07T09:33:32.836975]
2023-11-07 09:33:32.928 TRACE 10456 --- [    Test worker] o.h.type.descriptor.sql.BasicExtractor   : extracted value ([update_t3_2_] : [TIMESTAMP]) - [2023-11-07T09:33:32.836975]
2023-11-07 09:33:32.928 TRACE 10456 --- [    Test worker] o.h.type.descriptor.sql.BasicExtractor   : extracted value ([created_4_2_] : [VARCHAR]) - []
2023-11-07 09:33:32.928 TRACE 10456 --- [    Test worker] o.h.type.descriptor.sql.BasicExtractor   : extracted value ([modified5_2_] : [VARCHAR]) - []
2023-11-07 09:33:32.928 TRACE 10456 --- [    Test worker] o.h.type.descriptor.sql.BasicExtractor   : extracted value ([item_det6_2_] : [CLOB]) - [테스트 상품 상세 설명6]
2023-11-07 09:33:32.928 TRACE 10456 --- [    Test worker] o.h.type.descriptor.sql.BasicExtractor   : extracted value ([item_nm7_2_] : [VARCHAR]) - [테스트 상품6]
2023-11-07 09:33:32.928 TRACE 10456 --- [    Test worker] o.h.type.descriptor.sql.BasicExtractor   : extracted value ([item_sel8_2_] : [VARCHAR]) - [SELL]
2023-11-07 09:33:32.928 TRACE 10456 --- [    Test worker] o.h.type.descriptor.sql.BasicExtractor   : extracted value ([price9_2_] : [INTEGER]) - [10006]
2023-11-07 09:33:32.928 TRACE 10456 --- [    Test worker] o.h.type.descriptor.sql.BasicExtractor   : extracted value ([stock_n10_2_] : [INTEGER]) - [100]
2023-11-07 09:33:32.928 TRACE 10456 --- [    Test worker] o.h.type.descriptor.sql.BasicExtractor   : extracted value ([item_id1_2_] : [BIGINT]) - [44]
2023-11-07 09:33:32.928 TRACE 10456 --- [    Test worker] o.h.type.descriptor.sql.BasicExtractor   : extracted value ([reg_time2_2_] : [TIMESTAMP]) - [2023-11-07T09:33:32.875139]
2023-11-07 09:33:32.928 TRACE 10456 --- [    Test worker] o.h.type.descriptor.sql.BasicExtractor   : extracted value ([update_t3_2_] : [TIMESTAMP]) - [2023-11-07T09:33:32.875139]
2023-11-07 09:33:32.928 TRACE 10456 --- [    Test worker] o.h.type.descriptor.sql.BasicExtractor   : extracted value ([created_4_2_] : [VARCHAR]) - []
2023-11-07 09:33:32.928 TRACE 10456 --- [    Test worker] o.h.type.descriptor.sql.BasicExtractor   : extracted value ([modified5_2_] : [VARCHAR]) - []
2023-11-07 09:33:32.928 TRACE 10456 --- [    Test worker] o.h.type.descriptor.sql.BasicExtractor   : extracted value ([item_det6_2_] : [CLOB]) - [테스트 상품 상세 설명6]
2023-11-07 09:33:32.928 TRACE 10456 --- [    Test worker] o.h.type.descriptor.sql.BasicExtractor   : extracted value ([item_nm7_2_] : [VARCHAR]) - [테스트 상품6]
2023-11-07 09:33:32.929 TRACE 10456 --- [    Test worker] o.h.type.descriptor.sql.BasicExtractor   : extracted value ([item_sel8_2_] : [VARCHAR]) - [SELL]
2023-11-07 09:33:32.929 TRACE 10456 --- [    Test worker] o.h.type.descriptor.sql.BasicExtractor   : extracted value ([price9_2_] : [INTEGER]) - [10006]
2023-11-07 09:33:32.929 TRACE 10456 --- [    Test worker] o.h.type.descriptor.sql.BasicExtractor   : extracted value ([stock_n10_2_] : [INTEGER]) - [100]
2023-11-07 09:33:32.929 TRACE 10456 --- [    Test worker] o.h.type.descriptor.sql.BasicExtractor   : extracted value ([item_id1_2_] : [BIGINT]) - [33]
2023-11-07 09:33:32.929 TRACE 10456 --- [    Test worker] o.h.type.descriptor.sql.BasicExtractor   : extracted value ([reg_time2_2_] : [TIMESTAMP]) - [2023-11-07T09:33:32.835976]
2023-11-07 09:33:32.929 TRACE 10456 --- [    Test worker] o.h.type.descriptor.sql.BasicExtractor   : extracted value ([update_t3_2_] : [TIMESTAMP]) - [2023-11-07T09:33:32.835976]
2023-11-07 09:33:32.929 TRACE 10456 --- [    Test worker] o.h.type.descriptor.sql.BasicExtractor   : extracted value ([created_4_2_] : [VARCHAR]) - []
2023-11-07 09:33:32.929 TRACE 10456 --- [    Test worker] o.h.type.descriptor.sql.BasicExtractor   : extracted value ([modified5_2_] : [VARCHAR]) - []
2023-11-07 09:33:32.929 TRACE 10456 --- [    Test worker] o.h.type.descriptor.sql.BasicExtractor   : extracted value ([item_det6_2_] : [CLOB]) - [테스트 상품 상세 설명5]
2023-11-07 09:33:32.929 TRACE 10456 --- [    Test worker] o.h.type.descriptor.sql.BasicExtractor   : extracted value ([item_nm7_2_] : [VARCHAR]) - [테스트 상품5]
2023-11-07 09:33:32.929 TRACE 10456 --- [    Test worker] o.h.type.descriptor.sql.BasicExtractor   : extracted value ([item_sel8_2_] : [VARCHAR]) - [SELL]
2023-11-07 09:33:32.929 TRACE 10456 --- [    Test worker] o.h.type.descriptor.sql.BasicExtractor   : extracted value ([price9_2_] : [INTEGER]) - [10005]
2023-11-07 09:33:32.929 TRACE 10456 --- [    Test worker] o.h.type.descriptor.sql.BasicExtractor   : extracted value ([stock_n10_2_] : [INTEGER]) - [100]
2023-11-07 09:33:32.929 TRACE 10456 --- [    Test worker] o.h.type.descriptor.sql.BasicExtractor   : extracted value ([item_id1_2_] : [BIGINT]) - [43]
2023-11-07 09:33:32.929 TRACE 10456 --- [    Test worker] o.h.type.descriptor.sql.BasicExtractor   : extracted value ([reg_time2_2_] : [TIMESTAMP]) - [2023-11-07T09:33:32.874149]
2023-11-07 09:33:32.929 TRACE 10456 --- [    Test worker] o.h.type.descriptor.sql.BasicExtractor   : extracted value ([update_t3_2_] : [TIMESTAMP]) - [2023-11-07T09:33:32.874149]
2023-11-07 09:33:32.929 TRACE 10456 --- [    Test worker] o.h.type.descriptor.sql.BasicExtractor   : extracted value ([created_4_2_] : [VARCHAR]) - []
2023-11-07 09:33:32.930 TRACE 10456 --- [    Test worker] o.h.type.descriptor.sql.BasicExtractor   : extracted value ([modified5_2_] : [VARCHAR]) - []
2023-11-07 09:33:32.930 TRACE 10456 --- [    Test worker] o.h.type.descriptor.sql.BasicExtractor   : extracted value ([item_det6_2_] : [CLOB]) - [테스트 상품 상세 설명5]
2023-11-07 09:33:32.930 TRACE 10456 --- [    Test worker] o.h.type.descriptor.sql.BasicExtractor   : extracted value ([item_nm7_2_] : [VARCHAR]) - [테스트 상품5]
2023-11-07 09:33:32.930 TRACE 10456 --- [    Test worker] o.h.type.descriptor.sql.BasicExtractor   : extracted value ([item_sel8_2_] : [VARCHAR]) - [SELL]
2023-11-07 09:33:32.930 TRACE 10456 --- [    Test worker] o.h.type.descriptor.sql.BasicExtractor   : extracted value ([price9_2_] : [INTEGER]) - [10005]
2023-11-07 09:33:32.930 TRACE 10456 --- [    Test worker] o.h.type.descriptor.sql.BasicExtractor   : extracted value ([stock_n10_2_] : [INTEGER]) - [100]
2023-11-07 09:33:32.930 TRACE 10456 --- [    Test worker] o.h.type.descriptor.sql.BasicExtractor   : extracted value ([item_id1_2_] : [BIGINT]) - [32]
2023-11-07 09:33:32.930 TRACE 10456 --- [    Test worker] o.h.type.descriptor.sql.BasicExtractor   : extracted value ([reg_time2_2_] : [TIMESTAMP]) - [2023-11-07T09:33:32.834975]
2023-11-07 09:33:32.930 TRACE 10456 --- [    Test worker] o.h.type.descriptor.sql.BasicExtractor   : extracted value ([update_t3_2_] : [TIMESTAMP]) - [2023-11-07T09:33:32.834975]
2023-11-07 09:33:32.930 TRACE 10456 --- [    Test worker] o.h.type.descriptor.sql.BasicExtractor   : extracted value ([created_4_2_] : [VARCHAR]) - []
2023-11-07 09:33:32.930 TRACE 10456 --- [    Test worker] o.h.type.descriptor.sql.BasicExtractor   : extracted value ([modified5_2_] : [VARCHAR]) - []
2023-11-07 09:33:32.930 TRACE 10456 --- [    Test worker] o.h.type.descriptor.sql.BasicExtractor   : extracted value ([item_det6_2_] : [CLOB]) - [테스트 상품 상세 설명4]
2023-11-07 09:33:32.930 TRACE 10456 --- [    Test worker] o.h.type.descriptor.sql.BasicExtractor   : extracted value ([item_nm7_2_] : [VARCHAR]) - [테스트 상품4]
2023-11-07 09:33:32.930 TRACE 10456 --- [    Test worker] o.h.type.descriptor.sql.BasicExtractor   : extracted value ([item_sel8_2_] : [VARCHAR]) - [SELL]
2023-11-07 09:33:32.930 TRACE 10456 --- [    Test worker] o.h.type.descriptor.sql.BasicExtractor   : extracted value ([price9_2_] : [INTEGER]) - [10004]
2023-11-07 09:33:32.930 TRACE 10456 --- [    Test worker] o.h.type.descriptor.sql.BasicExtractor   : extracted value ([stock_n10_2_] : [INTEGER]) - [100]
2023-11-07 09:33:32.930 TRACE 10456 --- [    Test worker] o.h.type.descriptor.sql.BasicExtractor   : extracted value ([item_id1_2_] : [BIGINT]) - [42]
2023-11-07 09:33:32.931 TRACE 10456 --- [    Test worker] o.h.type.descriptor.sql.BasicExtractor   : extracted value ([reg_time2_2_] : [TIMESTAMP]) - [2023-11-07T09:33:32.873139]
2023-11-07 09:33:32.931 TRACE 10456 --- [    Test worker] o.h.type.descriptor.sql.BasicExtractor   : extracted value ([update_t3_2_] : [TIMESTAMP]) - [2023-11-07T09:33:32.873139]
2023-11-07 09:33:32.931 TRACE 10456 --- [    Test worker] o.h.type.descriptor.sql.BasicExtractor   : extracted value ([created_4_2_] : [VARCHAR]) - []
2023-11-07 09:33:32.931 TRACE 10456 --- [    Test worker] o.h.type.descriptor.sql.BasicExtractor   : extracted value ([modified5_2_] : [VARCHAR]) - []
2023-11-07 09:33:32.931 TRACE 10456 --- [    Test worker] o.h.type.descriptor.sql.BasicExtractor   : extracted value ([item_det6_2_] : [CLOB]) - [테스트 상품 상세 설명4]
2023-11-07 09:33:32.931 TRACE 10456 --- [    Test worker] o.h.type.descriptor.sql.BasicExtractor   : extracted value ([item_nm7_2_] : [VARCHAR]) - [테스트 상품4]
2023-11-07 09:33:32.931 TRACE 10456 --- [    Test worker] o.h.type.descriptor.sql.BasicExtractor   : extracted value ([item_sel8_2_] : [VARCHAR]) - [SELL]
2023-11-07 09:33:32.931 TRACE 10456 --- [    Test worker] o.h.type.descriptor.sql.BasicExtractor   : extracted value ([price9_2_] : [INTEGER]) - [10004]
2023-11-07 09:33:32.931 TRACE 10456 --- [    Test worker] o.h.type.descriptor.sql.BasicExtractor   : extracted value ([stock_n10_2_] : [INTEGER]) - [100]
2023-11-07 09:33:32.931 TRACE 10456 --- [    Test worker] o.h.type.descriptor.sql.BasicExtractor   : extracted value ([item_id1_2_] : [BIGINT]) - [31]
2023-11-07 09:33:32.931 TRACE 10456 --- [    Test worker] o.h.type.descriptor.sql.BasicExtractor   : extracted value ([reg_time2_2_] : [TIMESTAMP]) - [2023-11-07T09:33:32.833975]
2023-11-07 09:33:32.931 TRACE 10456 --- [    Test worker] o.h.type.descriptor.sql.BasicExtractor   : extracted value ([update_t3_2_] : [TIMESTAMP]) - [2023-11-07T09:33:32.833975]
2023-11-07 09:33:32.931 TRACE 10456 --- [    Test worker] o.h.type.descriptor.sql.BasicExtractor   : extracted value ([created_4_2_] : [VARCHAR]) - []
2023-11-07 09:33:32.931 TRACE 10456 --- [    Test worker] o.h.type.descriptor.sql.BasicExtractor   : extracted value ([modified5_2_] : [VARCHAR]) - []
2023-11-07 09:33:32.931 TRACE 10456 --- [    Test worker] o.h.type.descriptor.sql.BasicExtractor   : extracted value ([item_det6_2_] : [CLOB]) - [테스트 상품 상세 설명3]
2023-11-07 09:33:32.931 TRACE 10456 --- [    Test worker] o.h.type.descriptor.sql.BasicExtractor   : extracted value ([item_nm7_2_] : [VARCHAR]) - [테스트 상품3]
2023-11-07 09:33:32.931 TRACE 10456 --- [    Test worker] o.h.type.descriptor.sql.BasicExtractor   : extracted value ([item_sel8_2_] : [VARCHAR]) - [SELL]
2023-11-07 09:33:32.931 TRACE 10456 --- [    Test worker] o.h.type.descriptor.sql.BasicExtractor   : extracted value ([price9_2_] : [INTEGER]) - [10003]
2023-11-07 09:33:32.931 TRACE 10456 --- [    Test worker] o.h.type.descriptor.sql.BasicExtractor   : extracted value ([stock_n10_2_] : [INTEGER]) - [100]
2023-11-07 09:33:32.932 TRACE 10456 --- [    Test worker] o.h.type.descriptor.sql.BasicExtractor   : extracted value ([item_id1_2_] : [BIGINT]) - [41]
2023-11-07 09:33:32.932 TRACE 10456 --- [    Test worker] o.h.type.descriptor.sql.BasicExtractor   : extracted value ([reg_time2_2_] : [TIMESTAMP]) - [2023-11-07T09:33:32.872148]
2023-11-07 09:33:32.932 TRACE 10456 --- [    Test worker] o.h.type.descriptor.sql.BasicExtractor   : extracted value ([update_t3_2_] : [TIMESTAMP]) - [2023-11-07T09:33:32.872148]
2023-11-07 09:33:32.932 TRACE 10456 --- [    Test worker] o.h.type.descriptor.sql.BasicExtractor   : extracted value ([created_4_2_] : [VARCHAR]) - []
2023-11-07 09:33:32.932 TRACE 10456 --- [    Test worker] o.h.type.descriptor.sql.BasicExtractor   : extracted value ([modified5_2_] : [VARCHAR]) - []
2023-11-07 09:33:32.932 TRACE 10456 --- [    Test worker] o.h.type.descriptor.sql.BasicExtractor   : extracted value ([item_det6_2_] : [CLOB]) - [테스트 상품 상세 설명3]
2023-11-07 09:33:32.932 TRACE 10456 --- [    Test worker] o.h.type.descriptor.sql.BasicExtractor   : extracted value ([item_nm7_2_] : [VARCHAR]) - [테스트 상품3]
2023-11-07 09:33:32.932 TRACE 10456 --- [    Test worker] o.h.type.descriptor.sql.BasicExtractor   : extracted value ([item_sel8_2_] : [VARCHAR]) - [SELL]
2023-11-07 09:33:32.932 TRACE 10456 --- [    Test worker] o.h.type.descriptor.sql.BasicExtractor   : extracted value ([price9_2_] : [INTEGER]) - [10003]
2023-11-07 09:33:32.932 TRACE 10456 --- [    Test worker] o.h.type.descriptor.sql.BasicExtractor   : extracted value ([stock_n10_2_] : [INTEGER]) - [100]
2023-11-07 09:33:32.932 TRACE 10456 --- [    Test worker] o.h.type.descriptor.sql.BasicExtractor   : extracted value ([item_id1_2_] : [BIGINT]) - [30]
2023-11-07 09:33:32.932 TRACE 10456 --- [    Test worker] o.h.type.descriptor.sql.BasicExtractor   : extracted value ([reg_time2_2_] : [TIMESTAMP]) - [2023-11-07T09:33:32.831976]
2023-11-07 09:33:32.932 TRACE 10456 --- [    Test worker] o.h.type.descriptor.sql.BasicExtractor   : extracted value ([update_t3_2_] : [TIMESTAMP]) - [2023-11-07T09:33:32.831976]
2023-11-07 09:33:32.932 TRACE 10456 --- [    Test worker] o.h.type.descriptor.sql.BasicExtractor   : extracted value ([created_4_2_] : [VARCHAR]) - []
2023-11-07 09:33:32.932 TRACE 10456 --- [    Test worker] o.h.type.descriptor.sql.BasicExtractor   : extracted value ([modified5_2_] : [VARCHAR]) - []
2023-11-07 09:33:32.932 TRACE 10456 --- [    Test worker] o.h.type.descriptor.sql.BasicExtractor   : extracted value ([item_det6_2_] : [CLOB]) - [테스트 상품 상세 설명2]
2023-11-07 09:33:32.933 TRACE 10456 --- [    Test worker] o.h.type.descriptor.sql.BasicExtractor   : extracted value ([item_nm7_2_] : [VARCHAR]) - [테스트 상품2]
2023-11-07 09:33:32.933 TRACE 10456 --- [    Test worker] o.h.type.descriptor.sql.BasicExtractor   : extracted value ([item_sel8_2_] : [VARCHAR]) - [SELL]
2023-11-07 09:33:32.933 TRACE 10456 --- [    Test worker] o.h.type.descriptor.sql.BasicExtractor   : extracted value ([price9_2_] : [INTEGER]) - [10002]
2023-11-07 09:33:32.933 TRACE 10456 --- [    Test worker] o.h.type.descriptor.sql.BasicExtractor   : extracted value ([stock_n10_2_] : [INTEGER]) - [100]
2023-11-07 09:33:32.933 TRACE 10456 --- [    Test worker] o.h.type.descriptor.sql.BasicExtractor   : extracted value ([item_id1_2_] : [BIGINT]) - [40]
2023-11-07 09:33:32.933 TRACE 10456 --- [    Test worker] o.h.type.descriptor.sql.BasicExtractor   : extracted value ([reg_time2_2_] : [TIMESTAMP]) - [2023-11-07T09:33:32.871138]
2023-11-07 09:33:32.933 TRACE 10456 --- [    Test worker] o.h.type.descriptor.sql.BasicExtractor   : extracted value ([update_t3_2_] : [TIMESTAMP]) - [2023-11-07T09:33:32.871138]
2023-11-07 09:33:32.933 TRACE 10456 --- [    Test worker] o.h.type.descriptor.sql.BasicExtractor   : extracted value ([created_4_2_] : [VARCHAR]) - []
2023-11-07 09:33:32.933 TRACE 10456 --- [    Test worker] o.h.type.descriptor.sql.BasicExtractor   : extracted value ([modified5_2_] : [VARCHAR]) - []
2023-11-07 09:33:32.933 TRACE 10456 --- [    Test worker] o.h.type.descriptor.sql.BasicExtractor   : extracted value ([item_det6_2_] : [CLOB]) - [테스트 상품 상세 설명2]
2023-11-07 09:33:32.933 TRACE 10456 --- [    Test worker] o.h.type.descriptor.sql.BasicExtractor   : extracted value ([item_nm7_2_] : [VARCHAR]) - [테스트 상품2]
2023-11-07 09:33:32.933 TRACE 10456 --- [    Test worker] o.h.type.descriptor.sql.BasicExtractor   : extracted value ([item_sel8_2_] : [VARCHAR]) - [SELL]
2023-11-07 09:33:32.933 TRACE 10456 --- [    Test worker] o.h.type.descriptor.sql.BasicExtractor   : extracted value ([price9_2_] : [INTEGER]) - [10002]
2023-11-07 09:33:32.933 TRACE 10456 --- [    Test worker] o.h.type.descriptor.sql.BasicExtractor   : extracted value ([stock_n10_2_] : [INTEGER]) - [100]
2023-11-07 09:33:32.933 TRACE 10456 --- [    Test worker] o.h.type.descriptor.sql.BasicExtractor   : extracted value ([item_id1_2_] : [BIGINT]) - [29]
2023-11-07 09:33:32.933 TRACE 10456 --- [    Test worker] o.h.type.descriptor.sql.BasicExtractor   : extracted value ([reg_time2_2_] : [TIMESTAMP]) - [2023-11-07T09:33:32.829987]
2023-11-07 09:33:32.933 TRACE 10456 --- [    Test worker] o.h.type.descriptor.sql.BasicExtractor   : extracted value ([update_t3_2_] : [TIMESTAMP]) - [2023-11-07T09:33:32.829987]
2023-11-07 09:33:32.933 TRACE 10456 --- [    Test worker] o.h.type.descriptor.sql.BasicExtractor   : extracted value ([created_4_2_] : [VARCHAR]) - []
2023-11-07 09:33:32.933 TRACE 10456 --- [    Test worker] o.h.type.descriptor.sql.BasicExtractor   : extracted value ([modified5_2_] : [VARCHAR]) - []
2023-11-07 09:33:32.933 TRACE 10456 --- [    Test worker] o.h.type.descriptor.sql.BasicExtractor   : extracted value ([item_det6_2_] : [CLOB]) - [테스트 상품 상세 설명1]
2023-11-07 09:33:32.933 TRACE 10456 --- [    Test worker] o.h.type.descriptor.sql.BasicExtractor   : extracted value ([item_nm7_2_] : [VARCHAR]) - [테스트 상품1]
2023-11-07 09:33:32.933 TRACE 10456 --- [    Test worker] o.h.type.descriptor.sql.BasicExtractor   : extracted value ([item_sel8_2_] : [VARCHAR]) - [SELL]
2023-11-07 09:33:32.933 TRACE 10456 --- [    Test worker] o.h.type.descriptor.sql.BasicExtractor   : extracted value ([price9_2_] : [INTEGER]) - [10001]
2023-11-07 09:33:32.933 TRACE 10456 --- [    Test worker] o.h.type.descriptor.sql.BasicExtractor   : extracted value ([stock_n10_2_] : [INTEGER]) - [100]
2023-11-07 09:33:32.933 TRACE 10456 --- [    Test worker] o.h.type.descriptor.sql.BasicExtractor   : extracted value ([item_id1_2_] : [BIGINT]) - [39]
[...]
2023-11-07 09:33:33.038 TRACE 10456 --- [    Test worker] o.h.type.descriptor.sql.BasicBinder      : binding parameter [7] as [VARCHAR] - [SELL]
2023-11-07 09:33:33.038 TRACE 10456 --- [    Test worker] o.h.type.descriptor.sql.BasicBinder      : binding parameter [8] as [INTEGER] - [10005]
2023-11-07 09:33:33.038 TRACE 10456 --- [    Test worker] o.h.type.descriptor.sql.BasicBinder      : binding parameter [9] as [INTEGER] - [100]
2023-11-07 09:33:33.038 TRACE 10456 --- [    Test worker] o.h.type.descriptor.sql.BasicBinder      : binding parameter [10] as [BIGINT] - [94]
Hibernate: 
    call next value for hibernate_sequence
Hibernate: 
    insert 
    into
        item
        (reg_time, update_time, created_by, modified_by, item_detail, item_nm, item_sell_status, price, stock_number, item_id) 
    values
        (?, ?, ?, ?, ?, ?, ?, ?, ?, ?)
2023-11-07 09:33:33.039 TRACE 10456 --- [    Test worker] o.h.type.descriptor.sql.BasicBinder      : binding parameter [1] as [TIMESTAMP] - [2023-11-07T09:33:33.039229900]
2023-11-07 09:33:33.039 TRACE 10456 --- [    Test worker] o.h.type.descriptor.sql.BasicBinder      : binding parameter [2] as [TIMESTAMP] - [2023-11-07T09:33:33.039229900]
2023-11-07 09:33:33.039 TRACE 10456 --- [    Test worker] o.h.type.descriptor.sql.BasicBinder      : binding parameter [3] as [VARCHAR] - []
2023-11-07 09:33:33.039 TRACE 10456 --- [    Test worker] o.h.type.descriptor.sql.BasicBinder      : binding parameter [4] as [VARCHAR] - []
2023-11-07 09:33:33.039 TRACE 10456 --- [    Test worker] o.h.type.descriptor.sql.BasicBinder      : binding parameter [5] as [CLOB] - [테스트 상품 상세 설명6]
2023-11-07 09:33:33.039 TRACE 10456 --- [    Test worker] o.h.type.descriptor.sql.BasicBinder      : binding parameter [6] as [VARCHAR] - [테스트 상품6]
2023-11-07 09:33:33.039 TRACE 10456 --- [    Test worker] o.h.type.descriptor.sql.BasicBinder      : binding parameter [7] as [VARCHAR] - [SOLD_OUT]
2023-11-07 09:33:33.039 TRACE 10456 --- [    Test worker] o.h.type.descriptor.sql.BasicBinder      : binding parameter [8] as [INTEGER] - [10006]
2023-11-07 09:33:33.039 TRACE 10456 --- [    Test worker] o.h.type.descriptor.sql.BasicBinder      : binding parameter [9] as [INTEGER] - [0]
2023-11-07 09:33:33.039 TRACE 10456 --- [    Test worker] o.h.type.descriptor.sql.BasicBinder      : binding parameter [10] as [BIGINT] - [95]
Hibernate: 
    call next value for hibernate_sequence
Hibernate: 
    insert 
    into
        item
        (reg_time, update_time, created_by, modified_by, item_detail, item_nm, item_sell_status, price, stock_number, item_id) 
    values
        (?, ?, ?, ?, ?, ?, ?, ?, ?, ?)
2023-11-07 09:33:33.040 TRACE 10456 --- [    Test worker] o.h.type.descriptor.sql.BasicBinder      : binding parameter [1] as [TIMESTAMP] - [2023-11-07T09:33:33.039229900]
2023-11-07 09:33:33.040 TRACE 10456 --- [    Test worker] o.h.type.descriptor.sql.BasicBinder      : binding parameter [2] as [TIMESTAMP] - [2023-11-07T09:33:33.039229900]
2023-11-07 09:33:33.040 TRACE 10456 --- [    Test worker] o.h.type.descriptor.sql.BasicBinder      : binding parameter [3] as [VARCHAR] - []
2023-11-07 09:33:33.040 TRACE 10456 --- [    Test worker] o.h.type.descriptor.sql.BasicBinder      : binding parameter [4] as [VARCHAR] - []
2023-11-07 09:33:33.040 TRACE 10456 --- [    Test worker] o.h.type.descriptor.sql.BasicBinder      : binding parameter [5] as [CLOB] - [테스트 상품 상세 설명7]
2023-11-07 09:33:33.040 TRACE 10456 --- [    Test worker] o.h.type.descriptor.sql.BasicBinder      : binding parameter [6] as [VARCHAR] - [테스트 상품7]
2023-11-07 09:33:33.040 TRACE 10456 --- [    Test worker] o.h.type.descriptor.sql.BasicBinder      : binding parameter [7] as [VARCHAR] - [SOLD_OUT]
2023-11-07 09:33:33.040 TRACE 10456 --- [    Test worker] o.h.type.descriptor.sql.BasicBinder      : binding parameter [8] as [INTEGER] - [10007]
2023-11-07 09:33:33.040 TRACE 10456 --- [    Test worker] o.h.type.descriptor.sql.BasicBinder      : binding parameter [9] as [INTEGER] - [0]
2023-11-07 09:33:33.040 TRACE 10456 --- [    Test worker] o.h.type.descriptor.sql.BasicBinder      : binding parameter [10] as [BIGINT] - [96]
Hibernate: 
    call next value for hibernate_sequence
Hibernate: 
    insert 
    into
        item
        (reg_time, update_time, created_by, modified_by, item_detail, item_nm, item_sell_status, price, stock_number, item_id) 
    values
        (?, ?, ?, ?, ?, ?, ?, ?, ?, ?)
2023-11-07 09:33:33.040 TRACE 10456 --- [    Test worker] o.h.type.descriptor.sql.BasicBinder      : binding parameter [1] as [TIMESTAMP] - [2023-11-07T09:33:33.040221200]
2023-11-07 09:33:33.040 TRACE 10456 --- [    Test worker] o.h.type.descriptor.sql.BasicBinder      : binding parameter [2] as [TIMESTAMP] - [2023-11-07T09:33:33.040221200]
2023-11-07 09:33:33.040 TRACE 10456 --- [    Test worker] o.h.type.descriptor.sql.BasicBinder      : binding parameter [3] as [VARCHAR] - []
2023-11-07 09:33:33.040 TRACE 10456 --- [    Test worker] o.h.type.descriptor.sql.BasicBinder      : binding parameter [4] as [VARCHAR] - []
2023-11-07 09:33:33.040 TRACE 10456 --- [    Test worker] o.h.type.descriptor.sql.BasicBinder      : binding parameter [5] as [CLOB] - [테스트 상품 상세 설명8]
2023-11-07 09:33:33.041 TRACE 10456 --- [    Test worker] o.h.type.descriptor.sql.BasicBinder      : binding parameter [6] as [VARCHAR] - [테스트 상품8]
2023-11-07 09:33:33.041 TRACE 10456 --- [    Test worker] o.h.type.descriptor.sql.BasicBinder      : binding parameter [7] as [VARCHAR] - [SOLD_OUT]
2023-11-07 09:33:33.041 TRACE 10456 --- [    Test worker] o.h.type.descriptor.sql.BasicBinder      : binding parameter [8] as [INTEGER] - [10008]
2023-11-07 09:33:33.041 TRACE 10456 --- [    Test worker] o.h.type.descriptor.sql.BasicBinder      : binding parameter [9] as [INTEGER] - [0]
2023-11-07 09:33:33.041 TRACE 10456 --- [    Test worker] o.h.type.descriptor.sql.BasicBinder      : binding parameter [10] as [BIGINT] - [97]
Hibernate: 
    call next value for hibernate_sequence
Hibernate: 
    insert 
    into
        item
        (reg_time, update_time, created_by, modified_by, item_detail, item_nm, item_sell_status, price, stock_number, item_id) 
    values
        (?, ?, ?, ?, ?, ?, ?, ?, ?, ?)
2023-11-07 09:33:33.041 TRACE 10456 --- [    Test worker] o.h.type.descriptor.sql.BasicBinder      : binding parameter [1] as [TIMESTAMP] - [2023-11-07T09:33:33.041221900]
2023-11-07 09:33:33.041 TRACE 10456 --- [    Test worker] o.h.type.descriptor.sql.BasicBinder      : binding parameter [2] as [TIMESTAMP] - [2023-11-07T09:33:33.041221900]
2023-11-07 09:33:33.041 TRACE 10456 --- [    Test worker] o.h.type.descriptor.sql.BasicBinder      : binding parameter [3] as [VARCHAR] - []
2023-11-07 09:33:33.041 TRACE 10456 --- [    Test worker] o.h.type.descriptor.sql.BasicBinder      : binding parameter [4] as [VARCHAR] - []
2023-11-07 09:33:33.041 TRACE 10456 --- [    Test worker] o.h.type.descriptor.sql.BasicBinder      : binding parameter [5] as [CLOB] - [테스트 상품 상세 설명9]
2023-11-07 09:33:33.041 TRACE 10456 --- [    Test worker] o.h.type.descriptor.sql.BasicBinder      : binding parameter [6] as [VARCHAR] - [테스트 상품9]
2023-11-07 09:33:33.041 TRACE 10456 --- [    Test worker] o.h.type.descriptor.sql.BasicBinder      : binding parameter [7] as [VARCHAR] - [SOLD_OUT]
2023-11-07 09:33:33.041 TRACE 10456 --- [    Test worker] o.h.type.descriptor.sql.BasicBinder      : binding parameter [8] as [INTEGER] - [10009]
2023-11-07 09:33:33.041 TRACE 10456 --- [    Test worker] o.h.type.descriptor.sql.BasicBinder      : binding parameter [9] as [INTEGER] - [0]
2023-11-07 09:33:33.041 TRACE 10456 --- [    Test worker] o.h.type.descriptor.sql.BasicBinder      : binding parameter [10] as [BIGINT] - [98]
Hibernate: 
    call next value for hibernate_sequence
Hibernate: 
    insert 
    into
        item
        (reg_time, update_time, created_by, modified_by, item_detail, item_nm, item_sell_status, price, stock_number, item_id) 
    values
        (?, ?, ?, ?, ?, ?, ?, ?, ?, ?)
2023-11-07 09:33:33.042 TRACE 10456 --- [    Test worker] o.h.type.descriptor.sql.BasicBinder      : binding parameter [1] as [TIMESTAMP] - [2023-11-07T09:33:33.042221800]
2023-11-07 09:33:33.042 TRACE 10456 --- [    Test worker] o.h.type.descriptor.sql.BasicBinder      : binding parameter [2] as [TIMESTAMP] - [2023-11-07T09:33:33.042221800]
2023-11-07 09:33:33.042 TRACE 10456 --- [    Test worker] o.h.type.descriptor.sql.BasicBinder      : binding parameter [3] as [VARCHAR] - []
2023-11-07 09:33:33.042 TRACE 10456 --- [    Test worker] o.h.type.descriptor.sql.BasicBinder      : binding parameter [4] as [VARCHAR] - []
2023-11-07 09:33:33.042 TRACE 10456 --- [    Test worker] o.h.type.descriptor.sql.BasicBinder      : binding parameter [5] as [CLOB] - [테스트 상품 상세 설명10]
2023-11-07 09:33:33.042 TRACE 10456 --- [    Test worker] o.h.type.descriptor.sql.BasicBinder      : binding parameter [6] as [VARCHAR] - [테스트 상품10]
2023-11-07 09:33:33.042 TRACE 10456 --- [    Test worker] o.h.type.descriptor.sql.BasicBinder      : binding parameter [7] as [VARCHAR] - [SOLD_OUT]
2023-11-07 09:33:33.042 TRACE 10456 --- [    Test worker] o.h.type.descriptor.sql.BasicBinder      : binding parameter [8] as [INTEGER] - [10010]
2023-11-07 09:33:33.042 TRACE 10456 --- [    Test worker] o.h.type.descriptor.sql.BasicBinder      : binding parameter [9] as [INTEGER] - [0]
2023-11-07 09:33:33.042 TRACE 10456 --- [    Test worker] o.h.type.descriptor.sql.BasicBinder      : binding parameter [10] as [BIGINT] - [99]
SELL
Hibernate: 
    select
        item0_.item_id as item_id1_2_,
        item0_.reg_time as reg_time2_2_,
        item0_.update_time as update_t3_2_,
        item0_.created_by as created_4_2_,
        item0_.modified_by as modified5_2_,
        item0_.item_detail as item_det6_2_,
        item0_.item_nm as item_nm7_2_,
        item0_.item_sell_status as item_sel8_2_,
        item0_.price as price9_2_,
        item0_.stock_number as stock_n10_2_ 
    from
        item item0_ 
    where
        (
            item0_.item_detail like ? escape '!'
        ) 
        and item0_.price>? 
        and item0_.item_sell_status=? limit ?
2023-11-07 09:33:33.048 TRACE 10456 --- [    Test worker] o.h.type.descriptor.sql.BasicBinder      : binding parameter [1] as [CLOB] - [%테스트 상품 상세 설명%]
2023-11-07 09:33:33.048 TRACE 10456 --- [    Test worker] o.h.type.descriptor.sql.BasicBinder      : binding parameter [2] as [INTEGER] - [10003]
2023-11-07 09:33:33.048 TRACE 10456 --- [    Test worker] o.h.type.descriptor.sql.BasicBinder      : binding parameter [3] as [VARCHAR] - [SELL]
2023-11-07 09:33:33.048 TRACE 10456 --- [    Test worker] o.h.type.descriptor.sql.BasicExtractor   : extracted value ([item_id1_2_] : [BIGINT]) - [32]
2023-11-07 09:33:33.048 TRACE 10456 --- [    Test worker] o.h.type.descriptor.sql.BasicExtractor   : extracted value ([reg_time2_2_] : [TIMESTAMP]) - [2023-11-07T09:33:32.834975]
2023-11-07 09:33:33.048 TRACE 10456 --- [    Test worker] o.h.type.descriptor.sql.BasicExtractor   : extracted value ([update_t3_2_] : [TIMESTAMP]) - [2023-11-07T09:33:32.834975]
2023-11-07 09:33:33.048 TRACE 10456 --- [    Test worker] o.h.type.descriptor.sql.BasicExtractor   : extracted value ([created_4_2_] : [VARCHAR]) - []
2023-11-07 09:33:33.048 TRACE 10456 --- [    Test worker] o.h.type.descriptor.sql.BasicExtractor   : extracted value ([modified5_2_] : [VARCHAR]) - []
2023-11-07 09:33:33.049 TRACE 10456 --- [    Test worker] o.h.type.descriptor.sql.BasicExtractor   : extracted value ([item_det6_2_] : [CLOB]) - [테스트 상품 상세 설명4]
2023-11-07 09:33:33.049 TRACE 10456 --- [    Test worker] o.h.type.descriptor.sql.BasicExtractor   : extracted value ([item_nm7_2_] : [VARCHAR]) - [테스트 상품4]
2023-11-07 09:33:33.049 TRACE 10456 --- [    Test worker] o.h.type.descriptor.sql.BasicExtractor   : extracted value ([item_sel8_2_] : [VARCHAR]) - [SELL]
2023-11-07 09:33:33.049 TRACE 10456 --- [    Test worker] o.h.type.descriptor.sql.BasicExtractor   : extracted value ([price9_2_] : [INTEGER]) - [10004]
2023-11-07 09:33:33.049 TRACE 10456 --- [    Test worker] o.h.type.descriptor.sql.BasicExtractor   : extracted value ([stock_n10_2_] : [INTEGER]) - [100]
2023-11-07 09:33:33.049 TRACE 10456 --- [    Test worker] o.h.type.descriptor.sql.BasicExtractor   : extracted value ([item_id1_2_] : [BIGINT]) - [33]
2023-11-07 09:33:33.049 TRACE 10456 --- [    Test worker] o.h.type.descriptor.sql.BasicExtractor   : extracted value ([reg_time2_2_] : [TIMESTAMP]) - [2023-11-07T09:33:32.835976]
2023-11-07 09:33:33.049 TRACE 10456 --- [    Test worker] o.h.type.descriptor.sql.BasicExtractor   : extracted value ([update_t3_2_] : [TIMESTAMP]) - [2023-11-07T09:33:32.835976]
2023-11-07 09:33:33.049 TRACE 10456 --- [    Test worker] o.h.type.descriptor.sql.BasicExtractor   : extracted value ([created_4_2_] : [VARCHAR]) - []
2023-11-07 09:33:33.049 TRACE 10456 --- [    Test worker] o.h.type.descriptor.sql.BasicExtractor   : extracted value ([modified5_2_] : [VARCHAR]) - []
2023-11-07 09:33:33.049 TRACE 10456 --- [    Test worker] o.h.type.descriptor.sql.BasicExtractor   : extracted value ([item_det6_2_] : [CLOB]) - [테스트 상품 상세 설명5]
2023-11-07 09:33:33.049 TRACE 10456 --- [    Test worker] o.h.type.descriptor.sql.BasicExtractor   : extracted value ([item_nm7_2_] : [VARCHAR]) - [테스트 상품5]
2023-11-07 09:33:33.049 TRACE 10456 --- [    Test worker] o.h.type.descriptor.sql.BasicExtractor   : extracted value ([item_sel8_2_] : [VARCHAR]) - [SELL]
2023-11-07 09:33:33.049 TRACE 10456 --- [    Test worker] o.h.type.descriptor.sql.BasicExtractor   : extracted value ([price9_2_] : [INTEGER]) - [10005]
2023-11-07 09:33:33.049 TRACE 10456 --- [    Test worker] o.h.type.descriptor.sql.BasicExtractor   : extracted value ([stock_n10_2_] : [INTEGER]) - [100]
2023-11-07 09:33:33.049 TRACE 10456 --- [    Test worker] o.h.type.descriptor.sql.BasicExtractor   : extracted value ([item_id1_2_] : [BIGINT]) - [34]
2023-11-07 09:33:33.049 TRACE 10456 --- [    Test worker] o.h.type.descriptor.sql.BasicExtractor   : extracted value ([reg_time2_2_] : [TIMESTAMP]) - [2023-11-07T09:33:32.836975]
2023-11-07 09:33:33.049 TRACE 10456 --- [    Test worker] o.h.type.descriptor.sql.BasicExtractor   : extracted value ([update_t3_2_] : [TIMESTAMP]) - [2023-11-07T09:33:32.836975]
2023-11-07 09:33:33.049 TRACE 10456 --- [    Test worker] o.h.type.descriptor.sql.BasicExtractor   : extracted value ([created_4_2_] : [VARCHAR]) - []
2023-11-07 09:33:33.049 TRACE 10456 --- [    Test worker] o.h.type.descriptor.sql.BasicExtractor   : extracted value ([modified5_2_] : [VARCHAR]) - []
2023-11-07 09:33:33.049 TRACE 10456 --- [    Test worker] o.h.type.descriptor.sql.BasicExtractor   : extracted value ([item_det6_2_] : [CLOB]) - [테스트 상품 상세 설명6]
2023-11-07 09:33:33.049 TRACE 10456 --- [    Test worker] o.h.type.descriptor.sql.BasicExtractor   : extracted value ([item_nm7_2_] : [VARCHAR]) - [테스트 상품6]
2023-11-07 09:33:33.049 TRACE 10456 --- [    Test worker] o.h.type.descriptor.sql.BasicExtractor   : extracted value ([item_sel8_2_] : [VARCHAR]) - [SELL]
2023-11-07 09:33:33.049 TRACE 10456 --- [    Test worker] o.h.type.descriptor.sql.BasicExtractor   : extracted value ([price9_2_] : [INTEGER]) - [10006]
2023-11-07 09:33:33.049 TRACE 10456 --- [    Test worker] o.h.type.descriptor.sql.BasicExtractor   : extracted value ([stock_n10_2_] : [INTEGER]) - [100]
2023-11-07 09:33:33.049 TRACE 10456 --- [    Test worker] o.h.type.descriptor.sql.BasicExtractor   : extracted value ([item_id1_2_] : [BIGINT]) - [35]
2023-11-07 09:33:33.049 TRACE 10456 --- [    Test worker] o.h.type.descriptor.sql.BasicExtractor   : extracted value ([reg_time2_2_] : [TIMESTAMP]) - [2023-11-07T09:33:32.838975]
2023-11-07 09:33:33.049 TRACE 10456 --- [    Test worker] o.h.type.descriptor.sql.BasicExtractor   : extracted value ([update_t3_2_] : [TIMESTAMP]) - [2023-11-07T09:33:32.838975]
2023-11-07 09:33:33.049 TRACE 10456 --- [    Test worker] o.h.type.descriptor.sql.BasicExtractor   : extracted value ([created_4_2_] : [VARCHAR]) - []
2023-11-07 09:33:33.049 TRACE 10456 --- [    Test worker] o.h.type.descriptor.sql.BasicExtractor   : extracted value ([modified5_2_] : [VARCHAR]) - []
2023-11-07 09:33:33.049 TRACE 10456 --- [    Test worker] o.h.type.descriptor.sql.BasicExtractor   : extracted value ([item_det6_2_] : [CLOB]) - [테스트 상품 상세 설명7]
2023-11-07 09:33:33.049 TRACE 10456 --- [    Test worker] o.h.type.descriptor.sql.BasicExtractor   : extracted value ([item_nm7_2_] : [VARCHAR]) - [테스트 상품7]
2023-11-07 09:33:33.049 TRACE 10456 --- [    Test worker] o.h.type.descriptor.sql.BasicExtractor   : extracted value ([item_sel8_2_] : [VARCHAR]) - [SELL]
2023-11-07 09:33:33.049 TRACE 10456 --- [    Test worker] o.h.type.descriptor.sql.BasicExtractor   : extracted value ([price9_2_] : [INTEGER]) - [10007]
2023-11-07 09:33:33.049 TRACE 10456 --- [    Test worker] o.h.type.descriptor.sql.BasicExtractor   : extracted value ([stock_n10_2_] : [INTEGER]) - [100]
2023-11-07 09:33:33.049 TRACE 10456 --- [    Test worker] o.h.type.descriptor.sql.BasicExtractor   : extracted value ([item_id1_2_] : [BIGINT]) - [36]
2023-11-07 09:33:33.049 TRACE 10456 --- [    Test worker] o.h.type.descriptor.sql.BasicExtractor   : extracted value ([reg_time2_2_] : [TIMESTAMP]) - [2023-11-07T09:33:32.839976]
2023-11-07 09:33:33.050 TRACE 10456 --- [    Test worker] o.h.type.descriptor.sql.BasicExtractor   : extracted value ([update_t3_2_] : [TIMESTAMP]) - [2023-11-07T09:33:32.839976]
2023-11-07 09:33:33.050 TRACE 10456 --- [    Test worker] o.h.type.descriptor.sql.BasicExtractor   : extracted value ([created_4_2_] : [VARCHAR]) - []
2023-11-07 09:33:33.050 TRACE 10456 --- [    Test worker] o.h.type.descriptor.sql.BasicExtractor   : extracted value ([modified5_2_] : [VARCHAR]) - []
2023-11-07 09:33:33.050 TRACE 10456 --- [    Test worker] o.h.type.descriptor.sql.BasicExtractor   : extracted value ([item_det6_2_] : [CLOB]) - [테스트 상품 상세 설명8]
2023-11-07 09:33:33.050 TRACE 10456 --- [    Test worker] o.h.type.descriptor.sql.BasicExtractor   : extracted value ([item_nm7_2_] : [VARCHAR]) - [테스트 상품8]
2023-11-07 09:33:33.050 TRACE 10456 --- [    Test worker] o.h.type.descriptor.sql.BasicExtractor   : extracted value ([item_sel8_2_] : [VARCHAR]) - [SELL]
2023-11-07 09:33:33.050 TRACE 10456 --- [    Test worker] o.h.type.descriptor.sql.BasicExtractor   : extracted value ([price9_2_] : [INTEGER]) - [10008]
2023-11-07 09:33:33.050 TRACE 10456 --- [    Test worker] o.h.type.descriptor.sql.BasicExtractor   : extracted value ([stock_n10_2_] : [INTEGER]) - [100]
Hibernate: 
    select
        count(item0_.item_id) as col_0_0_ 
    from
        item item0_ 
    where
        (
            item0_.item_detail like ? escape '!'
        ) 
        and item0_.price>? 
        and item0_.item_sell_status=?
2023-11-07 09:33:33.053 TRACE 10456 --- [    Test worker] o.h.type.descriptor.sql.BasicBinder      : binding parameter [1] as [CLOB] - [%테스트 상품 상세 설명%]
2023-11-07 09:33:33.053 TRACE 10456 --- [    Test worker] o.h.type.descriptor.sql.BasicBinder      : binding parameter [2] as [INTEGER] - [10003]
2023-11-07 09:33:33.053 TRACE 10456 --- [    Test worker] o.h.type.descriptor.sql.BasicBinder      : binding parameter [3] as [VARCHAR] - [SELL]
2023-11-07 09:33:33.056 TRACE 10456 --- [    Test worker] o.h.type.descriptor.sql.BasicExtractor   : extracted value ([col_0_0_] : [BIGINT]) - [44]
total elements : 44
Item(id=32, itemNm=테스트 상품4, price=10004, stockNumber=100, itemDetail=테스트 상품 상세 설명4, itemSellStatus=SELL)
Item(id=33, itemNm=테스트 상품5, price=10005, stockNumber=100, itemDetail=테스트 상품 상세 설명5, itemSellStatus=SELL)
Item(id=34, itemNm=테스트 상품6, price=10006, stockNumber=100, itemDetail=테스트 상품 상세 설명6, itemSellStatus=SELL)
Item(id=35, itemNm=테스트 상품7, price=10007, stockNumber=100, itemDetail=테스트 상품 상세 설명7, itemSellStatus=SELL)
Item(id=36, itemNm=테스트 상품8, price=10008, stockNumber=100, itemDetail=테스트 상품 상세 설명8, itemSellStatus=SELL)
]]></system-out>
  <system-err><![CDATA[]]></system-err>
</testsuite>
